#
# A fatal error has been detected by the Java Runtime Environment:
#
#  SIGILL (0x4) at pc=0x00007fffa4b27bde, pid=12636, tid=0x0000000000000203
#
# JRE version: Java(TM) SE Runtime Environment (8.0_92-b14) (build 1.8.0_92-b14)
# Java VM: Java HotSpot(TM) 64-Bit Server VM (25.92-b14 mixed mode bsd-amd64 compressed oops)
# Problematic frame:
# C  [libsystem_platform.dylib+0x5bde]  _os_unfair_lock_corruption_abort+0x17
#
# Failed to write core dump. Core dumps have been disabled. To enable core dumping, try "ulimit -c unlimited" before starting Java again
#
# If you would like to submit a bug report, please visit:
#   http://bugreport.java.com/bugreport/crash.jsp
# The crash happened outside the Java Virtual Machine in native code.
# See problematic frame for where to report the bug.
#

---------------  T H R E A D  ---------------

Current thread (0x000000012382d000):  JavaThread "Spawner Reaper" daemon [_thread_in_native, id=155595, stack(0x000070000b3e2000,0x000070000b4e2000)]

siginfo: si_signo: 4 (SIGILL), si_code: 1 (ILL_ILLOPC), si_addr: 0x00007fffa4b27bde

Registers:
RAX=0x0000000000000306, RBX=0x0000000000000306, RCX=0x00007fffa4b29b6c, RDX=0x0000000000000000
RSP=0x000070000b4e12d8, RBP=0x000070000b4e1310, RSI=0x00007fffad587100, RDI=0x0000000000000306
R8 =0x000000000000031c, R9 =0x000000000000031d, R10=0x0000000000000000, R11=0x0000000000000246
R12=0x00007fffad587100, R13=0x0000000000000203, R14=0x0000000001010002, R15=0x0000000000000203
RIP=0x00007fffa4b27bde, EFLAGS=0x0000000000010246, ERR=0x0000000000000000
  TRAPNO=0x0000000000000006

Top of Stack: (sp=0x000070000b4e12d8)
0x000070000b4e12d8:   00007fffa4b2744e 0000000000000307
0x000070000b4e12e8:   0000000000000c80 000000012fe5f480
0x000070000b4e12f8:   00007fffad586480 00007fffad587100
0x000070000b4e1308:   00000001277ada30 000070000b4e1360
0x000070000b4e1318:   00007fffa402d3ae 0000000000000000
0x000070000b4e1328:   0000000000000000 0000000000000000
0x000070000b4e1338:   000000012fe5f480 00007fffad6266f8
0x000070000b4e1348:   0000000000000002 000000012774fc01
0x000070000b4e1358:   00000001277ada30 000070000b4e1380
0x000070000b4e1368:   00007fffa402d0f9 000000012fe5f480
0x000070000b4e1378:   000000012774fc50 000070000b4e13a0
0x000070000b4e1388:   00007fffa402d059 0000000000000000
0x000070000b4e1398:   0000000000000000 000070000b4e13c0
0x000070000b4e13a8:   00007fffa4b6fb51 000000012774fc50
0x000070000b4e13b8:   00000001277ada80 000070000b4e13e0
0x000070000b4e13c8:   00007fffa4b6f4f9 00000000ffffffff
0x000070000b4e13d8:   0000000127762bd0 000070000b4e1410
0x000070000b4e13e8:   00007fffa4b6fa99 00007fffad646a50
0x000070000b4e13f8:   00000001277ada30 000000012fe98d00
0x000070000b4e1408:   0000000000000000 000070000b4e1430
0x000070000b4e1418:   00007fffa4b6f4f9 00000000ffffffff
0x000070000b4e1428:   00000001277ada30 000070000b4e1480
0x000070000b4e1438:   00007fffa4a03c35 00007fffa4a081e3
0x000070000b4e1448:   0000000000000000 0000000000000000
0x000070000b4e1458:   0000000100381d50 00000001002005a0
0x000070000b4e1468:   0000000000000000 00007fffad6266f8
0x000070000b4e1478:   000070000b4e14c4 000070000b4e14a0
0x000070000b4e1488:   00007fffa4a081cc 00007fffad6266f8
0x000070000b4e1498:   00000001048edeca 000070000b4e14f0
0x000070000b4e14a8:   00007fffa4a08112 90ea32afe36e0029
0x000070000b4e14b8:   0000000000000000 0000000200000000
0x000070000b4e14c8:   00000001048edeca 0000000000000000 

Instructions: (pc=0x00007fffa4b27bde)
0x00007fffa4b27bbe:   89 f7 e8 55 18 00 00 eb ae 89 f8 48 8d 0d 9c 1f
0x00007fffa4b27bce:   00 00 48 89 0d e1 e6 b0 08 48 89 05 0a e7 b0 08
0x00007fffa4b27bde:   0f 0b 89 f8 48 8d 0d 12 20 00 00 48 89 0d c8 e6
0x00007fffa4b27bee:   b0 08 48 89 05 f1 e6 b0 08 0f 0b 55 48 89 e5 41 

Register to memory mapping:

RAX=0x0000000000000306 is an unknown value
RBX=0x0000000000000306 is an unknown value
RCX=0x00007fffa4b29b6c: _h+0x25c in /usr/lib/system/libsystem_platform.dylib at 0x00007fffa4b22000
RDX=0x0000000000000000 is an unknown value
RSP=0x000070000b4e12d8 is pointing into the stack for thread: 0x000000012382d000
RBP=0x000070000b4e1310 is pointing into the stack for thread: 0x000000012382d000
RSI=0x00007fffad587100: _ZN12_GLOBAL__N_1L12SideTableBufE+0xc80 in /usr/lib/libobjc.A.dylib at 0x00007fffa4024000
RDI=0x0000000000000306 is an unknown value
R8 =0x000000000000031c is an unknown value
R9 =0x000000000000031d is an unknown value
R10=0x0000000000000000 is an unknown value
R11=0x0000000000000246 is an unknown value
R12=0x00007fffad587100: _ZN12_GLOBAL__N_1L12SideTableBufE+0xc80 in /usr/lib/libobjc.A.dylib at 0x00007fffa4024000
R13=0x0000000000000203 is an unknown value
R14=0x0000000001010002 is an unknown value
R15=0x0000000000000203 is an unknown value


Stack: [0x000070000b3e2000,0x000070000b4e2000],  sp=0x000070000b4e12d8,  free space=1020k
Native frames: (J=compiled Java code, j=interpreted, Vv=VM code, C=native code)
C  [libsystem_platform.dylib+0x5bde]  _os_unfair_lock_corruption_abort+0x17
C  [libobjc.A.dylib+0x93ae]  _ZN11objc_object27sidetable_clearDeallocatingEv+0x54
C  [libobjc.A.dylib+0x90f9]  objc_destructInstance+0x8f
C  [libobjc.A.dylib+0x9059]  object_dispose+0x16
C  [libxpc.dylib+0x4b51]  _xpc_array_dispose+0x20
C  [libxpc.dylib+0x44f9]  _xpc_dispose+0xf
C  [libxpc.dylib+0x4a99]  _xpc_dictionary_dispose+0x7c
C  [libxpc.dylib+0x44f9]  _xpc_dispose+0xf
C  [libsystem_info.dylib+0x1c35]  _ds_item+0x9f
C  [libsystem_info.dylib+0x61cc]  ds_group_byname+0x4d
C  [libsystem_info.dylib+0x6112]  search_group_byname+0x66
C  [libsystem_info.dylib+0x6068]  getgrnam+0x33
C  [libspawner.jnilib+0x265e]  ptys_open+0x1e
C  [libspawner.jnilib+0x20ee]  exec_pty+0x22e
C  [libspawner.jnilib+0x1102]  Java_org_eclipse_cdt_utils_spawner_Spawner_exec2+0x182
j  org.eclipse.cdt.utils.spawner.Spawner.exec2([Ljava/lang/String;[Ljava/lang/String;Ljava/lang/String;[ILjava/lang/String;IZ)I+0
j  org.eclipse.cdt.utils.pty.PTY.exec_pty(Lorg/eclipse/cdt/utils/spawner/Spawner;[Ljava/lang/String;[Ljava/lang/String;Ljava/lang/String;[I)I+48
j  org.eclipse.cdt.utils.spawner.Spawner$2.execute([Ljava/lang/String;[Ljava/lang/String;Ljava/lang/String;[I)I+13
j  org.eclipse.cdt.utils.spawner.Spawner$Reaper.run()V+20
v  ~StubRoutines::call_stub
V  [libjvm.dylib+0x2ecc9a]
V  [libjvm.dylib+0x2ed428]
V  [libjvm.dylib+0x2ed5d4]
V  [libjvm.dylib+0x347dbd]
V  [libjvm.dylib+0x564c57]
V  [libjvm.dylib+0x566344]
V  [libjvm.dylib+0x485bbe]
C  [libsystem_pthread.dylib+0x3aab]  _pthread_body+0xb4
C  [libsystem_pthread.dylib+0x39f7]  _pthread_body+0x0
C  [libsystem_pthread.dylib+0x3221]  thread_start+0xd
C  0x0000000000000000

Java frames: (J=compiled Java code, j=interpreted, Vv=VM code)
j  org.eclipse.cdt.utils.spawner.Spawner.exec2([Ljava/lang/String;[Ljava/lang/String;Ljava/lang/String;[ILjava/lang/String;IZ)I+0
j  org.eclipse.cdt.utils.pty.PTY.exec_pty(Lorg/eclipse/cdt/utils/spawner/Spawner;[Ljava/lang/String;[Ljava/lang/String;Ljava/lang/String;[I)I+48
j  org.eclipse.cdt.utils.spawner.Spawner$2.execute([Ljava/lang/String;[Ljava/lang/String;Ljava/lang/String;[I)I+13
j  org.eclipse.cdt.utils.spawner.Spawner$Reaper.run()V+20
v  ~StubRoutines::call_stub

---------------  P R O C E S S  ---------------

Java Threads: ( => current thread )
=>0x000000012382d000 JavaThread "Spawner Reaper" daemon [_thread_in_native, id=155595, stack(0x000070000b3e2000,0x000070000b4e2000)]
  0x00000001241fb000 JavaThread "Worker-134" [_thread_blocked, id=157743, stack(0x000070000aed3000,0x000070000afd3000)]
  0x00000001208eb000 JavaThread "Worker-132" [_thread_blocked, id=127663, stack(0x000070000a738000,0x000070000a838000)]
  0x00000001028ea800 JavaThread "Worker-130" [_thread_blocked, id=136695, stack(0x000070000acca000,0x000070000adca000)]
  0x0000000121a06000 JavaThread "Worker-129" [_thread_blocked, id=137951, stack(0x000070000a93e000,0x000070000aa3e000)]
  0x0000000123f13800 JavaThread "Worker-125" [_thread_blocked, id=126243, stack(0x0000700008752000,0x0000700008852000)]
  0x0000000102d47000 JavaThread "Worker-123" [_thread_blocked, id=134347, stack(0x000070000b2df000,0x000070000b3df000)]
  0x0000000121834000 JavaThread "org.eclipse.cdt.internal.ui.text.CReconciler" daemon [_thread_blocked, id=124611, stack(0x000070000b1dc000,0x000070000b2dc000)]
  0x00000001218cd000 JavaThread "[ThreadPool Manager] - Idle Thread" daemon [_thread_blocked, id=5127, stack(0x000070000bf89000,0x000070000c089000)]
  0x0000000124562800 JavaThread "Provisioning Event Dispatcher" daemon [_thread_blocked, id=5387, stack(0x000070000abc7000,0x000070000acc7000)]
  0x000000011fd66800 JavaThread "Thread-7" [_thread_blocked, id=88579, stack(0x000070000b5e8000,0x000070000b6e8000)]
  0x000000011f831000 JavaThread "EventAdmin Async Event Dispatcher Thread" daemon [_thread_blocked, id=75783, stack(0x000070000aac4000,0x000070000abc4000)]
  0x000000010189b000 JavaThread "Bundle File Closer" daemon [_thread_blocked, id=18211, stack(0x000070000a83b000,0x000070000a93b000)]
  0x000000010154d000 JavaThread "EMF Reference Cleaner" daemon [_thread_blocked, id=60931, stack(0x000070000a635000,0x000070000a735000)]
  0x00000001014b1800 JavaThread "Worker-JM" [_thread_blocked, id=60419, stack(0x000070000a532000,0x000070000a632000)]
  0x0000000101a5e000 JavaThread "[Timer] - Main Queue Handler" daemon [_thread_blocked, id=59907, stack(0x000070000a42f000,0x000070000a52f000)]
  0x0000000102a8f800 JavaThread "Start Level: Equinox Container: 10704086-42a2-0016-1587-db04421b498a" daemon [_thread_blocked, id=51203, stack(0x000070000a1a6000,0x000070000a2a6000)]
  0x0000000101339800 JavaThread "Framework Event Dispatcher: org.eclipse.osgi.internal.framework.EquinoxEventPublisher@5987e932" daemon [_thread_blocked, id=50695, stack(0x000070000a0a3000,0x000070000a1a3000)]
  0x0000000102a0b800 JavaThread "Active Thread: Equinox Container: 10704086-42a2-0016-1587-db04421b498a" [_thread_blocked, id=50191, stack(0x0000700009fa0000,0x000070000a0a0000)]
  0x0000000102859800 JavaThread "Service Thread" daemon [_thread_blocked, id=33027, stack(0x0000700009d9a000,0x0000700009e9a000)]
  0x00000001010ef000 JavaThread "C1 CompilerThread2" daemon [_thread_in_vm, id=32515, stack(0x0000700009c97000,0x0000700009d97000)]
  0x00000001010d4000 JavaThread "C2 CompilerThread1" daemon [_thread_in_native, id=32003, stack(0x0000700009b94000,0x0000700009c94000)]
  0x00000001010d3800 JavaThread "C2 CompilerThread0" daemon [_thread_blocked, id=31491, stack(0x0000700009a91000,0x0000700009b91000)]
  0x00000001010cd000 JavaThread "Signal Dispatcher" daemon [_thread_blocked, id=30979, stack(0x000070000998e000,0x0000700009a8e000)]
  0x0000000102858800 JavaThread "Surrogate Locker Thread (Concurrent GC)" daemon [_thread_blocked, id=30211, stack(0x000070000988b000,0x000070000998b000)]
  0x00000001010c6800 JavaThread "Finalizer" daemon [_thread_blocked, id=29187, stack(0x0000700009788000,0x0000700009888000)]
  0x0000000102829800 JavaThread "Reference Handler" daemon [_thread_blocked, id=28675, stack(0x0000700009685000,0x0000700009785000)]
  0x000000010282a800 JavaThread "main" [_thread_in_native, id=775, stack(0x00007fff5f400000,0x00007fff5fc00000)]

Other Threads:
  0x00000001010c4000 VMThread [stack: 0x0000700009582000,0x0000700009682000] [id=28163]
  0x0000000101838800 WatcherThread [stack: 0x0000700009e9d000,0x0000700009f9d000] [id=33539]

VM state:not at safepoint (normal execution)

VM Mutex/Monitor currently owned by a thread:  ([mutex/lock_event])
[0x00006080000e2e80] CodeCache_lock - owner thread: 0x00000001010ef000

Heap:
 garbage-first heap   total 262144K, used 158767K [0x0000000780000000, 0x0000000780100800, 0x00000007c0000000)
  region size 1024K, 79 young (80896K), 5 survivors (5120K)
 Metaspace       used 111614K, capacity 121868K, committed 121940K, reserved 1155072K
  class space    used 13425K, capacity 16442K, committed 16468K, reserved 1048576K

Heap Regions: (Y=young(eden), SU=young(survivor), HS=humongous(starts), HC=humongous(continues), CS=collection set, F=free, TS=gc time stamp, PTAMS=previous top-at-mark-start, NTAMS=next top-at-mark-start)
AC   0  O    TS     0 PTAMS 0x0000000780100000 NTAMS 0x0000000780100000 space 1024K, 100% used [0x0000000780000000, 0x0000000780100000)
AC   0  O    TS     0 PTAMS 0x0000000780200000 NTAMS 0x0000000780200000 space 1024K, 100% used [0x0000000780100000, 0x0000000780200000)
AC   0  O    TS     0 PTAMS 0x0000000780300000 NTAMS 0x0000000780300000 space 1024K, 100% used [0x0000000780200000, 0x0000000780300000)
AC   0  O    TS     0 PTAMS 0x0000000780400000 NTAMS 0x0000000780400000 space 1024K, 100% used [0x0000000780300000, 0x0000000780400000)
AC   0  O    TS     0 PTAMS 0x0000000780500000 NTAMS 0x0000000780500000 space 1024K, 100% used [0x0000000780400000, 0x0000000780500000)
AC   0  O    TS     0 PTAMS 0x0000000780600000 NTAMS 0x0000000780600000 space 1024K, 100% used [0x0000000780500000, 0x0000000780600000)
AC   0  O    TS     0 PTAMS 0x0000000780700000 NTAMS 0x0000000780700000 space 1024K, 100% used [0x0000000780600000, 0x0000000780700000)
AC   0  O    TS     0 PTAMS 0x0000000780800000 NTAMS 0x0000000780800000 space 1024K, 100% used [0x0000000780700000, 0x0000000780800000)
AC   0  O    TS     0 PTAMS 0x0000000780900000 NTAMS 0x0000000780900000 space 1024K, 100% used [0x0000000780800000, 0x0000000780900000)
AC   0  O    TS     0 PTAMS 0x0000000780a00000 NTAMS 0x0000000780a00000 space 1024K, 100% used [0x0000000780900000, 0x0000000780a00000)
AC   0  O    TS     0 PTAMS 0x0000000780b00000 NTAMS 0x0000000780b00000 space 1024K, 100% used [0x0000000780a00000, 0x0000000780b00000)
AC   0  O    TS     0 PTAMS 0x0000000780c00000 NTAMS 0x0000000780c00000 space 1024K, 100% used [0x0000000780b00000, 0x0000000780c00000)
AC   0  O    TS     0 PTAMS 0x0000000780d00000 NTAMS 0x0000000780d00000 space 1024K, 100% used [0x0000000780c00000, 0x0000000780d00000)
AC   0  O    TS     0 PTAMS 0x0000000780e00000 NTAMS 0x0000000780e00000 space 1024K, 100% used [0x0000000780d00000, 0x0000000780e00000)
AC   0  O    TS     0 PTAMS 0x0000000780f00000 NTAMS 0x0000000780f00000 space 1024K, 100% used [0x0000000780e00000, 0x0000000780f00000)
AC   0  O    TS     0 PTAMS 0x0000000781000000 NTAMS 0x0000000781000000 space 1024K, 100% used [0x0000000780f00000, 0x0000000781000000)
AC   0  O    TS     0 PTAMS 0x0000000781100000 NTAMS 0x0000000781100000 space 1024K, 100% used [0x0000000781000000, 0x0000000781100000)
AC   0  O    TS     0 PTAMS 0x0000000781200000 NTAMS 0x0000000781200000 space 1024K, 100% used [0x0000000781100000, 0x0000000781200000)
AC   0  O    TS     0 PTAMS 0x0000000781300000 NTAMS 0x0000000781300000 space 1024K, 100% used [0x0000000781200000, 0x0000000781300000)
AC   0  O    TS     0 PTAMS 0x0000000781400000 NTAMS 0x0000000781400000 space 1024K, 100% used [0x0000000781300000, 0x0000000781400000)
AC   0  O    TS     0 PTAMS 0x0000000781500000 NTAMS 0x0000000781500000 space 1024K, 100% used [0x0000000781400000, 0x0000000781500000)
AC   0  O    TS     0 PTAMS 0x0000000781600000 NTAMS 0x0000000781600000 space 1024K, 100% used [0x0000000781500000, 0x0000000781600000)
AC   0  O    TS     0 PTAMS 0x0000000781700000 NTAMS 0x0000000781700000 space 1024K, 100% used [0x0000000781600000, 0x0000000781700000)
AC   0  O    TS     0 PTAMS 0x0000000781800000 NTAMS 0x0000000781800000 space 1024K, 100% used [0x0000000781700000, 0x0000000781800000)
AC   0  O    TS     0 PTAMS 0x0000000781900000 NTAMS 0x0000000781900000 space 1024K, 100% used [0x0000000781800000, 0x0000000781900000)
AC   0  O    TS     0 PTAMS 0x0000000781a00000 NTAMS 0x0000000781a00000 space 1024K, 100% used [0x0000000781900000, 0x0000000781a00000)
AC   0  O    TS     0 PTAMS 0x0000000781b00000 NTAMS 0x0000000781b00000 space 1024K, 100% used [0x0000000781a00000, 0x0000000781b00000)
AC   0  O    TS    37 PTAMS 0x0000000781b00000 NTAMS 0x0000000781b00000 space 1024K,  60% used [0x0000000781b00000, 0x0000000781c00000)
AC   0  O    TS     0 PTAMS 0x0000000781d00000 NTAMS 0x0000000781d00000 space 1024K, 100% used [0x0000000781c00000, 0x0000000781d00000)
AC   0  O    TS     0 PTAMS 0x0000000781e00000 NTAMS 0x0000000781e00000 space 1024K, 100% used [0x0000000781d00000, 0x0000000781e00000)
AC   0  O    TS     0 PTAMS 0x0000000781f00000 NTAMS 0x0000000781f00000 space 1024K, 100% used [0x0000000781e00000, 0x0000000781f00000)
AC   0  O    TS     0 PTAMS 0x0000000782000000 NTAMS 0x0000000782000000 space 1024K, 100% used [0x0000000781f00000, 0x0000000782000000)
AC   0  O    TS     0 PTAMS 0x0000000782100000 NTAMS 0x0000000782100000 space 1024K, 100% used [0x0000000782000000, 0x0000000782100000)
AC   0  O    TS     0 PTAMS 0x0000000782200000 NTAMS 0x0000000782200000 space 1024K, 100% used [0x0000000782100000, 0x0000000782200000)
AC   0  O    TS     0 PTAMS 0x0000000782300000 NTAMS 0x0000000782300000 space 1024K, 100% used [0x0000000782200000, 0x0000000782300000)
AC   0  O    TS     0 PTAMS 0x0000000782400000 NTAMS 0x0000000782400000 space 1024K, 100% used [0x0000000782300000, 0x0000000782400000)
AC   0  O    TS     0 PTAMS 0x0000000782500000 NTAMS 0x0000000782500000 space 1024K, 100% used [0x0000000782400000, 0x0000000782500000)
AC   0  F    TS     0 PTAMS 0x0000000782500000 NTAMS 0x0000000782500000 space 1024K,   0% used [0x0000000782500000, 0x0000000782600000)
AC   0  O    TS     0 PTAMS 0x0000000782700000 NTAMS 0x0000000782700000 space 1024K, 100% used [0x0000000782600000, 0x0000000782700000)
AC   0  O    TS     0 PTAMS 0x0000000782800000 NTAMS 0x0000000782800000 space 1024K, 100% used [0x0000000782700000, 0x0000000782800000)
AC   0  O    TS     0 PTAMS 0x0000000782900000 NTAMS 0x0000000782900000 space 1024K, 100% used [0x0000000782800000, 0x0000000782900000)
AC   0  O    TS     5 PTAMS 0x0000000782900000 NTAMS 0x0000000782900000 space 1024K, 100% used [0x0000000782900000, 0x0000000782a00000)
AC   0  O    TS     5 PTAMS 0x0000000782a00000 NTAMS 0x0000000782a00000 space 1024K, 100% used [0x0000000782a00000, 0x0000000782b00000)
AC   0  O    TS     5 PTAMS 0x0000000782b00000 NTAMS 0x0000000782b00000 space 1024K, 100% used [0x0000000782b00000, 0x0000000782c00000)
AC   0  F    TS     0 PTAMS 0x0000000782c00000 NTAMS 0x0000000782c00000 space 1024K,   0% used [0x0000000782c00000, 0x0000000782d00000)
AC   0  F    TS     0 PTAMS 0x0000000782d00000 NTAMS 0x0000000782d00000 space 1024K,   0% used [0x0000000782d00000, 0x0000000782e00000)
AC   0  F    TS     0 PTAMS 0x0000000782e00000 NTAMS 0x0000000782e00000 space 1024K,   0% used [0x0000000782e00000, 0x0000000782f00000)
AC   0  O    TS     5 PTAMS 0x0000000782f00000 NTAMS 0x0000000782f00000 space 1024K, 100% used [0x0000000782f00000, 0x0000000783000000)
AC   0  O    TS     0 PTAMS 0x0000000783100000 NTAMS 0x0000000783100000 space 1024K, 100% used [0x0000000783000000, 0x0000000783100000)
AC   0  F    TS     0 PTAMS 0x0000000783100000 NTAMS 0x0000000783100000 space 1024K,   0% used [0x0000000783100000, 0x0000000783200000)
AC   0  O    TS     3 PTAMS 0x0000000783200000 NTAMS 0x0000000783200000 space 1024K, 100% used [0x0000000783200000, 0x0000000783300000)
AC   0  O    TS     0 PTAMS 0x0000000783400000 NTAMS 0x0000000783400000 space 1024K, 100% used [0x0000000783300000, 0x0000000783400000)
AC   0  O    TS     3 PTAMS 0x0000000783400000 NTAMS 0x0000000783400000 space 1024K, 100% used [0x0000000783400000, 0x0000000783500000)
AC   0  O    TS     3 PTAMS 0x0000000783500000 NTAMS 0x0000000783500000 space 1024K, 100% used [0x0000000783500000, 0x0000000783600000)
AC   0  O    TS     0 PTAMS 0x0000000783700000 NTAMS 0x0000000783700000 space 1024K, 100% used [0x0000000783600000, 0x0000000783700000)
AC   0  O    TS     0 PTAMS 0x0000000783800000 NTAMS 0x0000000783800000 space 1024K, 100% used [0x0000000783700000, 0x0000000783800000)
AC   0  O    TS     0 PTAMS 0x0000000783900000 NTAMS 0x0000000783900000 space 1024K, 100% used [0x0000000783800000, 0x0000000783900000)
AC   0  O    TS     0 PTAMS 0x0000000783a00000 NTAMS 0x0000000783a00000 space 1024K, 100% used [0x0000000783900000, 0x0000000783a00000)
AC   0  O    TS     0 PTAMS 0x0000000783b00000 NTAMS 0x0000000783b00000 space 1024K, 100% used [0x0000000783a00000, 0x0000000783b00000)
AC   0  F    TS     0 PTAMS 0x0000000783b00000 NTAMS 0x0000000783b00000 space 1024K,   0% used [0x0000000783b00000, 0x0000000783c00000)
AC   0  O    TS     0 PTAMS 0x0000000783d00000 NTAMS 0x0000000783d00000 space 1024K, 100% used [0x0000000783c00000, 0x0000000783d00000)
AC   0  O    TS     0 PTAMS 0x0000000783e00000 NTAMS 0x0000000783e00000 space 1024K, 100% used [0x0000000783d00000, 0x0000000783e00000)
AC   0  O    TS     0 PTAMS 0x0000000783f00000 NTAMS 0x0000000783f00000 space 1024K, 100% used [0x0000000783e00000, 0x0000000783f00000)
AC   0  O    TS     0 PTAMS 0x0000000784000000 NTAMS 0x0000000784000000 space 1024K, 100% used [0x0000000783f00000, 0x0000000784000000)
AC   0  O    TS     0 PTAMS 0x0000000784100000 NTAMS 0x0000000784100000 space 1024K, 100% used [0x0000000784000000, 0x0000000784100000)
AC   0  O    TS     0 PTAMS 0x0000000784200000 NTAMS 0x0000000784200000 space 1024K, 100% used [0x0000000784100000, 0x0000000784200000)
AC   0  O    TS     0 PTAMS 0x0000000784300000 NTAMS 0x0000000784300000 space 1024K, 100% used [0x0000000784200000, 0x0000000784300000)
AC   0  O    TS     0 PTAMS 0x0000000784400000 NTAMS 0x0000000784400000 space 1024K, 100% used [0x0000000784300000, 0x0000000784400000)
AC   0  O    TS     0 PTAMS 0x0000000784500000 NTAMS 0x0000000784500000 space 1024K, 100% used [0x0000000784400000, 0x0000000784500000)
AC   0  O    TS     5 PTAMS 0x0000000784500000 NTAMS 0x0000000784500000 space 1024K, 100% used [0x0000000784500000, 0x0000000784600000)
AC   0  O    TS     5 PTAMS 0x0000000784600000 NTAMS 0x0000000784600000 space 1024K, 100% used [0x0000000784600000, 0x0000000784700000)
AC   0  O    TS     5 PTAMS 0x0000000784700000 NTAMS 0x0000000784700000 space 1024K, 100% used [0x0000000784700000, 0x0000000784800000)
AC   0  O    TS     5 PTAMS 0x0000000784800000 NTAMS 0x0000000784800000 space 1024K, 100% used [0x0000000784800000, 0x0000000784900000)
AC   0  O    TS     5 PTAMS 0x0000000784900000 NTAMS 0x0000000784900000 space 1024K, 100% used [0x0000000784900000, 0x0000000784a00000)
AC   0  O    TS     0 PTAMS 0x0000000784b00000 NTAMS 0x0000000784b00000 space 1024K, 100% used [0x0000000784a00000, 0x0000000784b00000)
AC   0  O    TS     0 PTAMS 0x0000000784c00000 NTAMS 0x0000000784c00000 space 1024K, 100% used [0x0000000784b00000, 0x0000000784c00000)
AC   0  O    TS     0 PTAMS 0x0000000784d00000 NTAMS 0x0000000784d00000 space 1024K, 100% used [0x0000000784c00000, 0x0000000784d00000)
AC   0  F    TS     0 PTAMS 0x0000000784d00000 NTAMS 0x0000000784d00000 space 1024K,   0% used [0x0000000784d00000, 0x0000000784e00000)
AC   0  O    TS     0 PTAMS 0x0000000784f00000 NTAMS 0x0000000784f00000 space 1024K, 100% used [0x0000000784e00000, 0x0000000784f00000)
AC   0  O    TS     0 PTAMS 0x0000000785000000 NTAMS 0x0000000785000000 space 1024K, 100% used [0x0000000784f00000, 0x0000000785000000)
AC   0  O    TS     0 PTAMS 0x0000000785100000 NTAMS 0x0000000785100000 space 1024K, 100% used [0x0000000785000000, 0x0000000785100000)
AC   0  F    TS     0 PTAMS 0x0000000785100000 NTAMS 0x0000000785100000 space 1024K,   0% used [0x0000000785100000, 0x0000000785200000)
AC   0  F    TS     0 PTAMS 0x0000000785200000 NTAMS 0x0000000785200000 space 1024K,   0% used [0x0000000785200000, 0x0000000785300000)
AC   0  F    TS     0 PTAMS 0x0000000785300000 NTAMS 0x0000000785300000 space 1024K,   0% used [0x0000000785300000, 0x0000000785400000)
AC   0  F    TS     0 PTAMS 0x0000000785400000 NTAMS 0x0000000785400000 space 1024K,   0% used [0x0000000785400000, 0x0000000785500000)
AC   0  F    TS     0 PTAMS 0x0000000785500000 NTAMS 0x0000000785500000 space 1024K,   0% used [0x0000000785500000, 0x0000000785600000)
AC   0  F    TS     0 PTAMS 0x0000000785600000 NTAMS 0x0000000785600000 space 1024K,   0% used [0x0000000785600000, 0x0000000785700000)
AC   0  F    TS     0 PTAMS 0x0000000785700000 NTAMS 0x0000000785700000 space 1024K,   0% used [0x0000000785700000, 0x0000000785800000)
AC   0  F    TS     0 PTAMS 0x0000000785800000 NTAMS 0x0000000785800000 space 1024K,   0% used [0x0000000785800000, 0x0000000785900000)
AC   0  F    TS     0 PTAMS 0x0000000785900000 NTAMS 0x0000000785900000 space 1024K,   0% used [0x0000000785900000, 0x0000000785a00000)
AC   0  F    TS     0 PTAMS 0x0000000785a00000 NTAMS 0x0000000785a00000 space 1024K,   0% used [0x0000000785a00000, 0x0000000785b00000)
AC   0  F    TS     0 PTAMS 0x0000000785b00000 NTAMS 0x0000000785b00000 space 1024K,   0% used [0x0000000785b00000, 0x0000000785c00000)
AC   0  F    TS     0 PTAMS 0x0000000785c00000 NTAMS 0x0000000785c00000 space 1024K,   0% used [0x0000000785c00000, 0x0000000785d00000)
AC   0  F    TS     0 PTAMS 0x0000000785d00000 NTAMS 0x0000000785d00000 space 1024K,   0% used [0x0000000785d00000, 0x0000000785e00000)
AC   0  F    TS     0 PTAMS 0x0000000785e00000 NTAMS 0x0000000785e00000 space 1024K,   0% used [0x0000000785e00000, 0x0000000785f00000)
AC   0  F    TS     0 PTAMS 0x0000000785f00000 NTAMS 0x0000000785f00000 space 1024K,   0% used [0x0000000785f00000, 0x0000000786000000)
AC   0  F    TS     0 PTAMS 0x0000000786000000 NTAMS 0x0000000786000000 space 1024K,   0% used [0x0000000786000000, 0x0000000786100000)
AC   0  F    TS     0 PTAMS 0x0000000786100000 NTAMS 0x0000000786100000 space 1024K,   0% used [0x0000000786100000, 0x0000000786200000)
AC   0  F    TS    23 PTAMS 0x0000000786200000 NTAMS 0x0000000786200000 space 1024K,   0% used [0x0000000786200000, 0x0000000786300000)
AC   0  F    TS    35 PTAMS 0x0000000786300000 NTAMS 0x0000000786300000 space 1024K,   0% used [0x0000000786300000, 0x0000000786400000)
AC   0  F    TS    35 PTAMS 0x0000000786400000 NTAMS 0x0000000786400000 space 1024K,   0% used [0x0000000786400000, 0x0000000786500000)
AC   0  F    TS    33 PTAMS 0x0000000786500000 NTAMS 0x0000000786500000 space 1024K,   0% used [0x0000000786500000, 0x0000000786600000)
AC   0  S CS TS    37 PTAMS 0x0000000786600000 NTAMS 0x0000000786600000 space 1024K,  43% used [0x0000000786600000, 0x0000000786700000)
AC   0  F    TS    35 PTAMS 0x0000000786700000 NTAMS 0x0000000786700000 space 1024K,   0% used [0x0000000786700000, 0x0000000786800000)
AC   0  F    TS    35 PTAMS 0x0000000786800000 NTAMS 0x0000000786800000 space 1024K,   0% used [0x0000000786800000, 0x0000000786900000)
AC   0  F    TS    35 PTAMS 0x0000000786900000 NTAMS 0x0000000786900000 space 1024K,   0% used [0x0000000786900000, 0x0000000786a00000)
AC   0  S CS TS    37 PTAMS 0x0000000786a00000 NTAMS 0x0000000786a00000 space 1024K, 100% used [0x0000000786a00000, 0x0000000786b00000)
AC   0  S CS TS    37 PTAMS 0x0000000786b00000 NTAMS 0x0000000786b00000 space 1024K, 100% used [0x0000000786b00000, 0x0000000786c00000)
AC   0  S CS TS    37 PTAMS 0x0000000786c00000 NTAMS 0x0000000786c00000 space 1024K, 100% used [0x0000000786c00000, 0x0000000786d00000)
AC   0  S CS TS    37 PTAMS 0x0000000786d00000 NTAMS 0x0000000786d00000 space 1024K, 100% used [0x0000000786d00000, 0x0000000786e00000)
AC   0  F    TS     9 PTAMS 0x0000000786e00000 NTAMS 0x0000000786e00000 space 1024K,   0% used [0x0000000786e00000, 0x0000000786f00000)
AC   0  F    TS     9 PTAMS 0x0000000786f00000 NTAMS 0x0000000786f00000 space 1024K,   0% used [0x0000000786f00000, 0x0000000787000000)
AC   0  F    TS     0 PTAMS 0x0000000787000000 NTAMS 0x0000000787000000 space 1024K,   0% used [0x0000000787000000, 0x0000000787100000)
AC   0  F    TS     0 PTAMS 0x0000000787100000 NTAMS 0x0000000787100000 space 1024K,   0% used [0x0000000787100000, 0x0000000787200000)
AC   0  F    TS     0 PTAMS 0x0000000787200000 NTAMS 0x0000000787200000 space 1024K,   0% used [0x0000000787200000, 0x0000000787300000)
AC   0  F    TS     0 PTAMS 0x0000000787300000 NTAMS 0x0000000787300000 space 1024K,   0% used [0x0000000787300000, 0x0000000787400000)
AC   0  F    TS     0 PTAMS 0x0000000787400000 NTAMS 0x0000000787400000 space 1024K,   0% used [0x0000000787400000, 0x0000000787500000)
AC   0  F    TS     0 PTAMS 0x0000000787500000 NTAMS 0x0000000787500000 space 1024K,   0% used [0x0000000787500000, 0x0000000787600000)
AC   0  F    TS     0 PTAMS 0x0000000787600000 NTAMS 0x0000000787600000 space 1024K,   0% used [0x0000000787600000, 0x0000000787700000)
AC   0  F    TS     0 PTAMS 0x0000000787700000 NTAMS 0x0000000787700000 space 1024K,   0% used [0x0000000787700000, 0x0000000787800000)
AC   0  F    TS     0 PTAMS 0x0000000787800000 NTAMS 0x0000000787800000 space 1024K,   0% used [0x0000000787800000, 0x0000000787900000)
AC   0  F    TS     0 PTAMS 0x0000000787900000 NTAMS 0x0000000787900000 space 1024K,   0% used [0x0000000787900000, 0x0000000787a00000)
AC   0  F    TS     0 PTAMS 0x0000000787a00000 NTAMS 0x0000000787a00000 space 1024K,   0% used [0x0000000787a00000, 0x0000000787b00000)
AC   0  F    TS     0 PTAMS 0x0000000787b00000 NTAMS 0x0000000787b00000 space 1024K,   0% used [0x0000000787b00000, 0x0000000787c00000)
AC   0  F    TS     0 PTAMS 0x0000000787c00000 NTAMS 0x0000000787c00000 space 1024K,   0% used [0x0000000787c00000, 0x0000000787d00000)
AC   0  F    TS     0 PTAMS 0x0000000787d00000 NTAMS 0x0000000787d00000 space 1024K,   0% used [0x0000000787d00000, 0x0000000787e00000)
AC   0  F    TS     0 PTAMS 0x0000000787e00000 NTAMS 0x0000000787e00000 space 1024K,   0% used [0x0000000787e00000, 0x0000000787f00000)
AC   0  F    TS     0 PTAMS 0x0000000787f00000 NTAMS 0x0000000787f00000 space 1024K,   0% used [0x0000000787f00000, 0x0000000788000000)
AC   0  F    TS     0 PTAMS 0x0000000788000000 NTAMS 0x0000000788000000 space 1024K,   0% used [0x0000000788000000, 0x0000000788100000)
AC   0  O    TS     0 PTAMS 0x0000000788200000 NTAMS 0x0000000788200000 space 1024K, 100% used [0x0000000788100000, 0x0000000788200000)
AC   0  F    TS     0 PTAMS 0x0000000788200000 NTAMS 0x0000000788200000 space 1024K,   0% used [0x0000000788200000, 0x0000000788300000)
AC   0  O    TS     0 PTAMS 0x0000000788400000 NTAMS 0x0000000788400000 space 1024K, 100% used [0x0000000788300000, 0x0000000788400000)
AC   0  F    TS     0 PTAMS 0x0000000788400000 NTAMS 0x0000000788400000 space 1024K,   0% used [0x0000000788400000, 0x0000000788500000)
AC   0  O    TS     0 PTAMS 0x0000000788600000 NTAMS 0x0000000788600000 space 1024K, 100% used [0x0000000788500000, 0x0000000788600000)
AC   0  F    TS     0 PTAMS 0x0000000788600000 NTAMS 0x0000000788600000 space 1024K,   0% used [0x0000000788600000, 0x0000000788700000)
AC   0  O    TS     3 PTAMS 0x0000000788780008 NTAMS 0x0000000788780008 space 1024K, 100% used [0x0000000788700000, 0x0000000788800000)
AC   0  F    TS     0 PTAMS 0x0000000788800000 NTAMS 0x0000000788800000 space 1024K,   0% used [0x0000000788800000, 0x0000000788900000)
AC   0  F    TS     0 PTAMS 0x0000000788900000 NTAMS 0x0000000788900000 space 1024K,   0% used [0x0000000788900000, 0x0000000788a00000)
AC   0  F    TS     0 PTAMS 0x0000000788a00000 NTAMS 0x0000000788a00000 space 1024K,   0% used [0x0000000788a00000, 0x0000000788b00000)
AC   0  F    TS     0 PTAMS 0x0000000788b00000 NTAMS 0x0000000788b00000 space 1024K,   0% used [0x0000000788b00000, 0x0000000788c00000)
AC   0  F    TS     0 PTAMS 0x0000000788c00000 NTAMS 0x0000000788c00000 space 1024K,   0% used [0x0000000788c00000, 0x0000000788d00000)
AC   0  F    TS     0 PTAMS 0x0000000788d00000 NTAMS 0x0000000788d00000 space 1024K,   0% used [0x0000000788d00000, 0x0000000788e00000)
AC   0  F    TS     0 PTAMS 0x0000000788e00000 NTAMS 0x0000000788e00000 space 1024K,   0% used [0x0000000788e00000, 0x0000000788f00000)
AC   0  F    TS     0 PTAMS 0x0000000788f00000 NTAMS 0x0000000788f00000 space 1024K,   0% used [0x0000000788f00000, 0x0000000789000000)
AC   0  F    TS     0 PTAMS 0x0000000789000000 NTAMS 0x0000000789000000 space 1024K,   0% used [0x0000000789000000, 0x0000000789100000)
AC   0  F    TS     0 PTAMS 0x0000000789100000 NTAMS 0x0000000789100000 space 1024K,   0% used [0x0000000789100000, 0x0000000789200000)
AC   0  F    TS     0 PTAMS 0x0000000789200000 NTAMS 0x0000000789200000 space 1024K,   0% used [0x0000000789200000, 0x0000000789300000)
AC   0  F    TS     0 PTAMS 0x0000000789300000 NTAMS 0x0000000789300000 space 1024K,   0% used [0x0000000789300000, 0x0000000789400000)
AC   0  F    TS     0 PTAMS 0x0000000789400000 NTAMS 0x0000000789400000 space 1024K,   0% used [0x0000000789400000, 0x0000000789500000)
AC   0  F    TS     0 PTAMS 0x0000000789500000 NTAMS 0x0000000789500000 space 1024K,   0% used [0x0000000789500000, 0x0000000789600000)
AC   0  F    TS     0 PTAMS 0x0000000789600000 NTAMS 0x0000000789600000 space 1024K,   0% used [0x0000000789600000, 0x0000000789700000)
AC   0  F    TS     0 PTAMS 0x0000000789700000 NTAMS 0x0000000789700000 space 1024K,   0% used [0x0000000789700000, 0x0000000789800000)
AC   0  F    TS     0 PTAMS 0x0000000789800000 NTAMS 0x0000000789800000 space 1024K,   0% used [0x0000000789800000, 0x0000000789900000)
AC   0  F    TS     0 PTAMS 0x0000000789900000 NTAMS 0x0000000789900000 space 1024K,   0% used [0x0000000789900000, 0x0000000789a00000)
AC   0  F    TS     0 PTAMS 0x0000000789a00000 NTAMS 0x0000000789a00000 space 1024K,   0% used [0x0000000789a00000, 0x0000000789b00000)
AC   0  F    TS     0 PTAMS 0x0000000789b00000 NTAMS 0x0000000789b00000 space 1024K,   0% used [0x0000000789b00000, 0x0000000789c00000)
AC   0  F    TS     0 PTAMS 0x0000000789c00000 NTAMS 0x0000000789c00000 space 1024K,   0% used [0x0000000789c00000, 0x0000000789d00000)
AC   0  F    TS     0 PTAMS 0x0000000789d00000 NTAMS 0x0000000789d00000 space 1024K,   0% used [0x0000000789d00000, 0x0000000789e00000)
AC   0  F    TS     0 PTAMS 0x0000000789e00000 NTAMS 0x0000000789e00000 space 1024K,   0% used [0x0000000789e00000, 0x0000000789f00000)
AC   0  F    TS     0 PTAMS 0x0000000789f00000 NTAMS 0x0000000789f00000 space 1024K,   0% used [0x0000000789f00000, 0x000000078a000000)
AC   0  F    TS     0 PTAMS 0x000000078a000000 NTAMS 0x000000078a000000 space 1024K,   0% used [0x000000078a000000, 0x000000078a100000)
AC   0  F    TS     0 PTAMS 0x000000078a100000 NTAMS 0x000000078a100000 space 1024K,   0% used [0x000000078a100000, 0x000000078a200000)
AC   0  F    TS     0 PTAMS 0x000000078a200000 NTAMS 0x000000078a200000 space 1024K,   0% used [0x000000078a200000, 0x000000078a300000)
AC   0  F    TS     0 PTAMS 0x000000078a300000 NTAMS 0x000000078a300000 space 1024K,   0% used [0x000000078a300000, 0x000000078a400000)
AC   0  F    TS     0 PTAMS 0x000000078a400000 NTAMS 0x000000078a400000 space 1024K,   0% used [0x000000078a400000, 0x000000078a500000)
AC   0  F    TS     0 PTAMS 0x000000078a500000 NTAMS 0x000000078a500000 space 1024K,   0% used [0x000000078a500000, 0x000000078a600000)
AC   0  F    TS     0 PTAMS 0x000000078a600000 NTAMS 0x000000078a600000 space 1024K,   0% used [0x000000078a600000, 0x000000078a700000)
AC   0  F    TS     0 PTAMS 0x000000078a700000 NTAMS 0x000000078a700000 space 1024K,   0% used [0x000000078a700000, 0x000000078a800000)
AC   0  F    TS     0 PTAMS 0x000000078a800000 NTAMS 0x000000078a800000 space 1024K,   0% used [0x000000078a800000, 0x000000078a900000)
AC   0  F    TS     0 PTAMS 0x000000078a900000 NTAMS 0x000000078a900000 space 1024K,   0% used [0x000000078a900000, 0x000000078aa00000)
AC   0  F    TS     1 PTAMS 0x000000078aa00000 NTAMS 0x000000078aa00000 space 1024K,   0% used [0x000000078aa00000, 0x000000078ab00000)
AC   0  F    TS     1 PTAMS 0x000000078ab00000 NTAMS 0x000000078ab00000 space 1024K,   0% used [0x000000078ab00000, 0x000000078ac00000)
AC   0  F    TS     0 PTAMS 0x000000078ac00000 NTAMS 0x000000078ac00000 space 1024K,   0% used [0x000000078ac00000, 0x000000078ad00000)
AC   0  F    TS     0 PTAMS 0x000000078ad00000 NTAMS 0x000000078ad00000 space 1024K,   0% used [0x000000078ad00000, 0x000000078ae00000)
AC   0  F    TS     0 PTAMS 0x000000078ae00000 NTAMS 0x000000078ae00000 space 1024K,   0% used [0x000000078ae00000, 0x000000078af00000)
AC   0  F    TS     1 PTAMS 0x000000078af00000 NTAMS 0x000000078af00000 space 1024K,   0% used [0x000000078af00000, 0x000000078b000000)
AC   0  F    TS     0 PTAMS 0x000000078b000000 NTAMS 0x000000078b000000 space 1024K,   0% used [0x000000078b000000, 0x000000078b100000)
AC   0  F    TS     0 PTAMS 0x000000078b100000 NTAMS 0x000000078b100000 space 1024K,   0% used [0x000000078b100000, 0x000000078b200000)
AC   0  F    TS     0 PTAMS 0x000000078b200000 NTAMS 0x000000078b200000 space 1024K,   0% used [0x000000078b200000, 0x000000078b300000)
AC   0  F    TS     0 PTAMS 0x000000078b300000 NTAMS 0x000000078b300000 space 1024K,   0% used [0x000000078b300000, 0x000000078b400000)
AC   0  F    TS     0 PTAMS 0x000000078b400000 NTAMS 0x000000078b400000 space 1024K,   0% used [0x000000078b400000, 0x000000078b500000)
AC   0  F    TS     0 PTAMS 0x000000078b500000 NTAMS 0x000000078b500000 space 1024K,   0% used [0x000000078b500000, 0x000000078b600000)
AC   0  E    TS     0 PTAMS 0x000000078b600000 NTAMS 0x000000078b600000 space 1024K,  77% used [0x000000078b600000, 0x000000078b700000)
AC   0  E CS TS     0 PTAMS 0x000000078b700000 NTAMS 0x000000078b700000 space 1024K, 100% used [0x000000078b700000, 0x000000078b800000)
AC   0  E CS TS     0 PTAMS 0x000000078b800000 NTAMS 0x000000078b800000 space 1024K, 100% used [0x000000078b800000, 0x000000078b900000)
AC   0  E CS TS     0 PTAMS 0x000000078b900000 NTAMS 0x000000078b900000 space 1024K, 100% used [0x000000078b900000, 0x000000078ba00000)
AC   0  E CS TS     0 PTAMS 0x000000078ba00000 NTAMS 0x000000078ba00000 space 1024K, 100% used [0x000000078ba00000, 0x000000078bb00000)
AC   0  E CS TS     0 PTAMS 0x000000078bb00000 NTAMS 0x000000078bb00000 space 1024K, 100% used [0x000000078bb00000, 0x000000078bc00000)
AC   0  E CS TS     0 PTAMS 0x000000078bc00000 NTAMS 0x000000078bc00000 space 1024K, 100% used [0x000000078bc00000, 0x000000078bd00000)
AC   0  E CS TS     0 PTAMS 0x000000078bd00000 NTAMS 0x000000078bd00000 space 1024K, 100% used [0x000000078bd00000, 0x000000078be00000)
AC   0  E CS TS     0 PTAMS 0x000000078be00000 NTAMS 0x000000078be00000 space 1024K, 100% used [0x000000078be00000, 0x000000078bf00000)
AC   0  E CS TS     0 PTAMS 0x000000078bf00000 NTAMS 0x000000078bf00000 space 1024K, 100% used [0x000000078bf00000, 0x000000078c000000)
AC   0  E CS TS     0 PTAMS 0x000000078c000000 NTAMS 0x000000078c000000 space 1024K, 100% used [0x000000078c000000, 0x000000078c100000)
AC   0  E CS TS     0 PTAMS 0x000000078c100000 NTAMS 0x000000078c100000 space 1024K, 100% used [0x000000078c100000, 0x000000078c200000)
AC   0  E CS TS     0 PTAMS 0x000000078c200000 NTAMS 0x000000078c200000 space 1024K, 100% used [0x000000078c200000, 0x000000078c300000)
AC   0  E CS TS     0 PTAMS 0x000000078c300000 NTAMS 0x000000078c300000 space 1024K, 100% used [0x000000078c300000, 0x000000078c400000)
AC   0  E CS TS     0 PTAMS 0x000000078c400000 NTAMS 0x000000078c400000 space 1024K, 100% used [0x000000078c400000, 0x000000078c500000)
AC   0  E CS TS     0 PTAMS 0x000000078c500000 NTAMS 0x000000078c500000 space 1024K, 100% used [0x000000078c500000, 0x000000078c600000)
AC   0  E CS TS     0 PTAMS 0x000000078c600000 NTAMS 0x000000078c600000 space 1024K, 100% used [0x000000078c600000, 0x000000078c700000)
AC   0  E CS TS     0 PTAMS 0x000000078c700000 NTAMS 0x000000078c700000 space 1024K, 100% used [0x000000078c700000, 0x000000078c800000)
AC   0  E CS TS     0 PTAMS 0x000000078c800000 NTAMS 0x000000078c800000 space 1024K, 100% used [0x000000078c800000, 0x000000078c900000)
AC   0  E CS TS     0 PTAMS 0x000000078c900000 NTAMS 0x000000078c900000 space 1024K, 100% used [0x000000078c900000, 0x000000078ca00000)
AC   0  E CS TS     0 PTAMS 0x000000078ca00000 NTAMS 0x000000078ca00000 space 1024K, 100% used [0x000000078ca00000, 0x000000078cb00000)
AC   0  E CS TS     0 PTAMS 0x000000078cb00000 NTAMS 0x000000078cb00000 space 1024K, 100% used [0x000000078cb00000, 0x000000078cc00000)
AC   0  E CS TS     0 PTAMS 0x000000078cc00000 NTAMS 0x000000078cc00000 space 1024K, 100% used [0x000000078cc00000, 0x000000078cd00000)
AC   0  E CS TS     0 PTAMS 0x000000078cd00000 NTAMS 0x000000078cd00000 space 1024K, 100% used [0x000000078cd00000, 0x000000078ce00000)
AC   0  E CS TS     0 PTAMS 0x000000078ce00000 NTAMS 0x000000078ce00000 space 1024K, 100% used [0x000000078ce00000, 0x000000078cf00000)
AC   0  E CS TS     0 PTAMS 0x000000078cf00000 NTAMS 0x000000078cf00000 space 1024K, 100% used [0x000000078cf00000, 0x000000078d000000)
AC   0  E CS TS     0 PTAMS 0x000000078d000000 NTAMS 0x000000078d000000 space 1024K, 100% used [0x000000078d000000, 0x000000078d100000)
AC   0  E CS TS     0 PTAMS 0x000000078d100000 NTAMS 0x000000078d100000 space 1024K, 100% used [0x000000078d100000, 0x000000078d200000)
AC   0  E CS TS     0 PTAMS 0x000000078d200000 NTAMS 0x000000078d200000 space 1024K, 100% used [0x000000078d200000, 0x000000078d300000)
AC   0  E CS TS     0 PTAMS 0x000000078d300000 NTAMS 0x000000078d300000 space 1024K, 100% used [0x000000078d300000, 0x000000078d400000)
AC   0  E CS TS     0 PTAMS 0x000000078d400000 NTAMS 0x000000078d400000 space 1024K, 100% used [0x000000078d400000, 0x000000078d500000)
AC   0  E CS TS     0 PTAMS 0x000000078d500000 NTAMS 0x000000078d500000 space 1024K, 100% used [0x000000078d500000, 0x000000078d600000)
AC   0  E CS TS     0 PTAMS 0x000000078d600000 NTAMS 0x000000078d600000 space 1024K, 100% used [0x000000078d600000, 0x000000078d700000)
AC   0  E CS TS     0 PTAMS 0x000000078d700000 NTAMS 0x000000078d700000 space 1024K, 100% used [0x000000078d700000, 0x000000078d800000)
AC   0  E CS TS     0 PTAMS 0x000000078d800000 NTAMS 0x000000078d800000 space 1024K, 100% used [0x000000078d800000, 0x000000078d900000)
AC   0  E CS TS     0 PTAMS 0x000000078d900000 NTAMS 0x000000078d900000 space 1024K, 100% used [0x000000078d900000, 0x000000078da00000)
AC   0  E CS TS     0 PTAMS 0x000000078da00000 NTAMS 0x000000078da00000 space 1024K, 100% used [0x000000078da00000, 0x000000078db00000)
AC   0  E CS TS     0 PTAMS 0x000000078db00000 NTAMS 0x000000078db00000 space 1024K, 100% used [0x000000078db00000, 0x000000078dc00000)
AC   0  E CS TS     0 PTAMS 0x000000078dc00000 NTAMS 0x000000078dc00000 space 1024K, 100% used [0x000000078dc00000, 0x000000078dd00000)
AC   0  E CS TS     0 PTAMS 0x000000078dd00000 NTAMS 0x000000078dd00000 space 1024K, 100% used [0x000000078dd00000, 0x000000078de00000)
AC   0  E CS TS     0 PTAMS 0x000000078de00000 NTAMS 0x000000078de00000 space 1024K, 100% used [0x000000078de00000, 0x000000078df00000)
AC   0  E CS TS     0 PTAMS 0x000000078df00000 NTAMS 0x000000078df00000 space 1024K, 100% used [0x000000078df00000, 0x000000078e000000)
AC   0  E CS TS     0 PTAMS 0x000000078e000000 NTAMS 0x000000078e000000 space 1024K, 100% used [0x000000078e000000, 0x000000078e100000)
AC   0  E CS TS     0 PTAMS 0x000000078e100000 NTAMS 0x000000078e100000 space 1024K, 100% used [0x000000078e100000, 0x000000078e200000)
AC   0  E CS TS     0 PTAMS 0x000000078e200000 NTAMS 0x000000078e200000 space 1024K, 100% used [0x000000078e200000, 0x000000078e300000)
AC   0  E CS TS     0 PTAMS 0x000000078e300000 NTAMS 0x000000078e300000 space 1024K, 100% used [0x000000078e300000, 0x000000078e400000)
AC   0  E CS TS     0 PTAMS 0x000000078e400000 NTAMS 0x000000078e400000 space 1024K, 100% used [0x000000078e400000, 0x000000078e500000)
AC   0  E CS TS     0 PTAMS 0x000000078e500000 NTAMS 0x000000078e500000 space 1024K, 100% used [0x000000078e500000, 0x000000078e600000)
AC   0  E CS TS     0 PTAMS 0x000000078e600000 NTAMS 0x000000078e600000 space 1024K, 100% used [0x000000078e600000, 0x000000078e700000)
AC   0  E CS TS     0 PTAMS 0x000000078e700000 NTAMS 0x000000078e700000 space 1024K, 100% used [0x000000078e700000, 0x000000078e800000)
AC   0  E CS TS     0 PTAMS 0x000000078e800000 NTAMS 0x000000078e800000 space 1024K, 100% used [0x000000078e800000, 0x000000078e900000)
AC   0  E CS TS     0 PTAMS 0x000000078e900000 NTAMS 0x000000078e900000 space 1024K, 100% used [0x000000078e900000, 0x000000078ea00000)
AC   0  E CS TS     0 PTAMS 0x000000078ea00000 NTAMS 0x000000078ea00000 space 1024K, 100% used [0x000000078ea00000, 0x000000078eb00000)
AC   0  E CS TS     0 PTAMS 0x000000078eb00000 NTAMS 0x000000078eb00000 space 1024K, 100% used [0x000000078eb00000, 0x000000078ec00000)
AC   0  E CS TS     0 PTAMS 0x000000078ec00000 NTAMS 0x000000078ec00000 space 1024K, 100% used [0x000000078ec00000, 0x000000078ed00000)
AC   0  E CS TS     0 PTAMS 0x000000078ed00000 NTAMS 0x000000078ed00000 space 1024K, 100% used [0x000000078ed00000, 0x000000078ee00000)
AC   0  E CS TS     0 PTAMS 0x000000078ee00000 NTAMS 0x000000078ee00000 space 1024K, 100% used [0x000000078ee00000, 0x000000078ef00000)
AC   0  E CS TS     0 PTAMS 0x000000078ef00000 NTAMS 0x000000078ef00000 space 1024K, 100% used [0x000000078ef00000, 0x000000078f000000)
AC   0  E CS TS     0 PTAMS 0x000000078f000000 NTAMS 0x000000078f000000 space 1024K, 100% used [0x000000078f000000, 0x000000078f100000)
AC   0  E CS TS     0 PTAMS 0x000000078f100000 NTAMS 0x000000078f100000 space 1024K, 100% used [0x000000078f100000, 0x000000078f200000)
AC   0  E CS TS     5 PTAMS 0x000000078f200000 NTAMS 0x000000078f200000 space 1024K, 100% used [0x000000078f200000, 0x000000078f300000)
AC   0  E CS TS     5 PTAMS 0x000000078f300000 NTAMS 0x000000078f300000 space 1024K, 100% used [0x000000078f300000, 0x000000078f400000)
AC   0  E CS TS     0 PTAMS 0x000000078f400000 NTAMS 0x000000078f400000 space 1024K, 100% used [0x000000078f400000, 0x000000078f500000)
AC   0  E CS TS     3 PTAMS 0x000000078f500000 NTAMS 0x000000078f500000 space 1024K, 100% used [0x000000078f500000, 0x000000078f600000)
AC   0  E CS TS     3 PTAMS 0x000000078f600000 NTAMS 0x000000078f600000 space 1024K, 100% used [0x000000078f600000, 0x000000078f700000)
AC   0  E CS TS     0 PTAMS 0x000000078f700000 NTAMS 0x000000078f700000 space 1024K, 100% used [0x000000078f700000, 0x000000078f800000)
AC   0  E CS TS     0 PTAMS 0x000000078f800000 NTAMS 0x000000078f800000 space 1024K, 100% used [0x000000078f800000, 0x000000078f900000)
AC   0  E CS TS     0 PTAMS 0x000000078f900000 NTAMS 0x000000078f900000 space 1024K, 100% used [0x000000078f900000, 0x000000078fa00000)
AC   0  E CS TS     0 PTAMS 0x000000078fa00000 NTAMS 0x000000078fa00000 space 1024K, 100% used [0x000000078fa00000, 0x000000078fb00000)
AC   0  E CS TS     0 PTAMS 0x000000078fb00000 NTAMS 0x000000078fb00000 space 1024K, 100% used [0x000000078fb00000, 0x000000078fc00000)
AC   0  E CS TS     0 PTAMS 0x000000078fc00000 NTAMS 0x000000078fc00000 space 1024K, 100% used [0x000000078fc00000, 0x000000078fd00000)
AC   0  E CS TS     0 PTAMS 0x000000078fd00000 NTAMS 0x000000078fd00000 space 1024K, 100% used [0x000000078fd00000, 0x000000078fe00000)
AC   0  E CS TS     0 PTAMS 0x000000078fe00000 NTAMS 0x000000078fe00000 space 1024K, 100% used [0x000000078fe00000, 0x000000078ff00000)
AC   0  E CS TS     0 PTAMS 0x000000078ff00000 NTAMS 0x000000078ff00000 space 1024K, 100% used [0x000000078ff00000, 0x0000000790000000)

Card table byte_map: [0x000000011541b000,0x000000011561b000] byte_map_base: 0x000000011181b000

Marking Bits (Prev, Next): (CMBitMap*) 0x0000000101029888, (CMBitMap*) 0x00000001010298e0
 Prev Bits: [0x000000011581b000, 0x000000011681b000)
 Next Bits: [0x000000011681b000, 0x000000011781b000)

Polling page: 0x0000000100582000

CodeCache: size=245760Kb used=81830Kb max_used=81845Kb free=163929Kb
 bounds [0x0000000105c5b000, 0x000000010acfb000, 0x0000000114c5b000]
 total_blobs=21070 nmethods=20297 adapters=679
 compilation: enabled

Compilation events (10 events):
Event: 14162.608 Thread 0x00000001010ef000 nmethod 28944 0x000000010ace9710 code [0x000000010ace98c0, 0x000000010ace9d88]
Event: 14162.622 Thread 0x00000001010d3800 nmethod 28939 0x00000001078a6e10 code [0x00000001078a7020, 0x00000001078a7b90]
Event: 14162.625 Thread 0x00000001010d3800 28946       4       org.eclipse.cdt.core.language.settings.providers.ScannerDiscoveryLegacySupport::isLanguageSettingsProvidersFunctionalityEnabled (58 bytes)
Event: 14162.628 Thread 0x00000001010ef000 28947       3       org.eclipse.cdt.make.internal.ui.MakeNavContentProvider::hasChildren (25 bytes)
Event: 14162.629 Thread 0x00000001010ef000 nmethod 28947 0x0000000106f23a50 code [0x0000000106f23be0, 0x0000000106f240f0]
Event: 14162.634 Thread 0x00000001010d3800 nmethod 28946 0x00000001078a6190 code [0x00000001078a6360, 0x00000001078a6850]
Event: 14162.637 Thread 0x00000001010ef000 28948       3       org.eclipse.core.internal.propertytester.StringMatcher::regExpRegionMatches (86 bytes)
Event: 14162.638 Thread 0x00000001010ef000 nmethod 28948 0x00000001078a9e90 code [0x00000001078aa120, 0x00000001078ab098]
Event: 14162.604 Thread 0x00000001010ef000 nmethod 28945 0x0000000106dcf250 code [0x0000000106dcf3c0, 0x0000000106dcf598]
Event: 14162.607 Thread 0x00000001010ef000 28944       3       org.eclipse.core.internal.preferences.EclipsePreferences::accept (41 bytes)

GC Heap History (10 events):
Event: 13673.865 GC heap before
{Heap before GC invocations=84 (full 0):
 garbage-first heap   total 262144K, used 229887K [0x0000000780000000, 0x0000000780100800, 0x00000007c0000000)
  region size 1024K, 148 young (151552K), 5 survivors (5120K)
 Metaspace       used 111447K, capacity 121548K, committed 121684K, reserved 1155072K
  class space    used 13425K, capacity 16442K, committed 16468K, reserved 1048576K
Event: 13673.883 GC heap after
Heap after GC invocations=85 (full 0):
 garbage-first heap   total 262144K, used 83967K [0x0000000780000000, 0x0000000780100800, 0x00000007c0000000)
  region size 1024K, 5 young (5120K), 5 survivors (5120K)
 Metaspace       used 111447K, capacity 121548K, committed 121684K, reserved 1155072K
  class space    used 13425K, capacity 16442K, committed 16468K, reserved 1048576K
}
Event: 13844.325 GC heap before
{Heap before GC invocations=85 (full 0):
 garbage-first heap   total 262144K, used 230399K [0x0000000780000000, 0x0000000780100800, 0x00000007c0000000)
  region size 1024K, 148 young (151552K), 5 survivors (5120K)
 Metaspace       used 111478K, capacity 121676K, committed 121940K, reserved 1155072K
  class space    used 13425K, capacity 16442K, committed 16468K, reserved 1048576K
Event: 13844.372 GC heap after
Heap after GC invocations=86 (full 0):
 garbage-first heap   total 262144K, used 83967K [0x0000000780000000, 0x0000000780100800, 0x00000007c0000000)
  region size 1024K, 5 young (5120K), 5 survivors (5120K)
 Metaspace       used 111478K, capacity 121676K, committed 121940K, reserved 1155072K
  class space    used 13425K, capacity 16442K, committed 16468K, reserved 1048576K
}
Event: 13912.150 GC heap before
{Heap before GC invocations=86 (full 0):
 garbage-first heap   total 262144K, used 230399K [0x0000000780000000, 0x0000000780100800, 0x00000007c0000000)
  region size 1024K, 148 young (151552K), 5 survivors (5120K)
 Metaspace       used 111514K, capacity 121740K, committed 121940K, reserved 1155072K
  class space    used 13425K, capacity 16442K, committed 16468K, reserved 1048576K
Event: 13912.171 GC heap after
Heap after GC invocations=87 (full 0):
 garbage-first heap   total 262144K, used 83375K [0x0000000780000000, 0x0000000780100800, 0x00000007c0000000)
  region size 1024K, 4 young (4096K), 4 survivors (4096K)
 Metaspace       used 111514K, capacity 121740K, committed 121940K, reserved 1155072K
  class space    used 13425K, capacity 16442K, committed 16468K, reserved 1048576K
}
Event: 14083.688 GC heap before
{Heap before GC invocations=87 (full 0):
 garbage-first heap   total 262144K, used 230831K [0x0000000780000000, 0x0000000780100800, 0x00000007c0000000)
  region size 1024K, 148 young (151552K), 4 survivors (4096K)
 Metaspace       used 111533K, capacity 121740K, committed 121940K, reserved 1155072K
  class space    used 13425K, capacity 16442K, committed 16468K, reserved 1048576K
Event: 14083.702 GC heap after
Heap after GC invocations=88 (full 0):
 garbage-first heap   total 262144K, used 83963K [0x0000000780000000, 0x0000000780100800, 0x00000007c0000000)
  region size 1024K, 5 young (5120K), 5 survivors (5120K)
 Metaspace       used 111533K, capacity 121740K, committed 121940K, reserved 1155072K
  class space    used 13425K, capacity 16442K, committed 16468K, reserved 1048576K
}
Event: 14145.716 GC heap before
{Heap before GC invocations=88 (full 0):
 garbage-first heap   total 262144K, used 229371K [0x0000000780000000, 0x0000000780100800, 0x00000007c0000000)
  region size 1024K, 147 young (150528K), 5 survivors (5120K)
 Metaspace       used 111586K, capacity 121804K, committed 121940K, reserved 1155072K
  class space    used 13425K, capacity 16442K, committed 16468K, reserved 1048576K
Event: 14145.731 GC heap after
Heap after GC invocations=89 (full 0):
 garbage-first heap   total 262144K, used 84015K [0x0000000780000000, 0x0000000780100800, 0x00000007c0000000)
  region size 1024K, 5 young (5120K), 5 survivors (5120K)
 Metaspace       used 111586K, capacity 121804K, committed 121940K, reserved 1155072K
  class space    used 13425K, capacity 16442K, committed 16468K, reserved 1048576K
}

Deoptimization events (10 events):
Event: 13884.532 Thread 0x000000010282a800 Uncommon trap: reason=class_check action=maybe_recompile pc=0x000000010640beec method=org.eclipse.ui.actions.RetargetAction.partDeactivated(Lorg/eclipse/ui/IWorkbenchPart;)V @ 19
Event: 13884.532 Thread 0x000000010282a800 Uncommon trap: reason=class_check action=maybe_recompile pc=0x000000010640beec method=org.eclipse.ui.actions.RetargetAction.partDeactivated(Lorg/eclipse/ui/IWorkbenchPart;)V @ 19
Event: 13884.532 Thread 0x000000010282a800 Uncommon trap: reason=class_check action=maybe_recompile pc=0x000000010640beec method=org.eclipse.ui.actions.RetargetAction.partDeactivated(Lorg/eclipse/ui/IWorkbenchPart;)V @ 19
Event: 13884.532 Thread 0x000000010282a800 Uncommon trap: reason=class_check action=maybe_recompile pc=0x000000010640beec method=org.eclipse.ui.actions.RetargetAction.partDeactivated(Lorg/eclipse/ui/IWorkbenchPart;)V @ 19
Event: 14095.922 Thread 0x000000010282a800 Uncommon trap: reason=unstable_if action=reinterpret pc=0x0000000108928a18 method=org.eclipse.swt.graphics.TextStyle.isAdherentUnderline(Lorg/eclipse/swt/graphics/TextStyle;)Z @ 34
Event: 14108.016 Thread 0x000000010282a800 Uncommon trap: reason=unstable_if action=reinterpret pc=0x0000000109dd4dd0 method=org.eclipse.swt.custom.StyledTextRenderer.textChanging(Lorg/eclipse/swt/custom/TextChangingEvent;)V @ 712
Event: 14140.116 Thread 0x000000010282a800 Uncommon trap: reason=class_check action=maybe_recompile pc=0x00000001065f9ec4 method=org.eclipse.ui.actions.RetargetAction.partActivated(Lorg/eclipse/ui/IWorkbenchPart;)V @ 19
Event: 14140.116 Thread 0x000000010282a800 Uncommon trap: reason=class_check action=maybe_recompile pc=0x00000001065f9ec4 method=org.eclipse.ui.actions.RetargetAction.partActivated(Lorg/eclipse/ui/IWorkbenchPart;)V @ 19
Event: 14140.116 Thread 0x000000010282a800 Uncommon trap: reason=class_check action=maybe_recompile pc=0x00000001065f9ec4 method=org.eclipse.ui.actions.RetargetAction.partActivated(Lorg/eclipse/ui/IWorkbenchPart;)V @ 19
Event: 14140.116 Thread 0x000000010282a800 Uncommon trap: reason=class_check action=maybe_recompile pc=0x00000001065f9ec4 method=org.eclipse.ui.actions.RetargetAction.partActivated(Lorg/eclipse/ui/IWorkbenchPart;)V @ 19

Internal exceptions (10 events):
Event: 14117.460 Thread 0x000000010126e000 Exception <a 'java/lang/InterruptedException'> (0x0000000788900228) thrown at [/Users/java_re/workspace/8-2-build-macosx-x86_64/jdk8u92/6642/hotspot/src/share/vm/runtime/objectMonitor.cpp, line 1684]
Event: 14162.218 Thread 0x0000000120d4f000 Exception <a 'java/lang/UnsatisfiedLinkError': org.eclipse.cdt.utils.spawner.SpawnerInputStream.available0(I)I> (0x000000078bdd9bc8) thrown at [/Users/java_re/workspace/8-2-build-macosx-x86_64/jdk8u92/6642/hotspot/src/share/vm/prims/nativeLookup.cpp, line
Event: 14162.222 Thread 0x0000000120d4f000 Exception <a 'java/lang/UnsatisfiedLinkError': org.eclipse.cdt.utils.spawner.SpawnerInputStream.available0(I)I> (0x000000078bddc550) thrown at [/Users/java_re/workspace/8-2-build-macosx-x86_64/jdk8u92/6642/hotspot/src/share/vm/prims/nativeLookup.cpp, line
Event: 14162.405 Thread 0x0000000120d4f000 Exception <a 'java/lang/UnsatisfiedLinkError': org.eclipse.cdt.utils.spawner.SpawnerInputStream.available0(I)I> (0x000000078bde1d48) thrown at [/Users/java_re/workspace/8-2-build-macosx-x86_64/jdk8u92/6642/hotspot/src/share/vm/prims/nativeLookup.cpp, line
Event: 14162.408 Thread 0x0000000120d4f000 Exception <a 'java/lang/UnsatisfiedLinkError': org.eclipse.cdt.utils.spawner.SpawnerInputStream.available0(I)I> (0x000000078bde4648) thrown at [/Users/java_re/workspace/8-2-build-macosx-x86_64/jdk8u92/6642/hotspot/src/share/vm/prims/nativeLookup.cpp, line
Event: 14162.411 Thread 0x0000000120d4f000 Exception <a 'java/lang/UnsatisfiedLinkError': org.eclipse.cdt.utils.spawner.SpawnerInputStream.available0(I)I> (0x000000078bde6998) thrown at [/Users/java_re/workspace/8-2-build-macosx-x86_64/jdk8u92/6642/hotspot/src/share/vm/prims/nativeLookup.cpp, line
Event: 14162.415 Thread 0x0000000120d4f000 Exception <a 'java/lang/UnsatisfiedLinkError': org.eclipse.cdt.utils.spawner.SpawnerInputStream.available0(I)I> (0x000000078bde9040) thrown at [/Users/java_re/workspace/8-2-build-macosx-x86_64/jdk8u92/6642/hotspot/src/share/vm/prims/nativeLookup.cpp, line
Event: 14162.417 Thread 0x0000000120d4f000 Exception <a 'java/lang/UnsatisfiedLinkError': org.eclipse.cdt.utils.spawner.SpawnerInputStream.available0(I)I> (0x000000078bdeb670) thrown at [/Users/java_re/workspace/8-2-build-macosx-x86_64/jdk8u92/6642/hotspot/src/share/vm/prims/nativeLookup.cpp, line
Event: 14162.509 Thread 0x0000000120d4f000 Exception <a 'java/lang/UnsatisfiedLinkError': org.eclipse.cdt.utils.spawner.SpawnerInputStream.available0(I)I> (0x000000078bdee130) thrown at [/Users/java_re/workspace/8-2-build-macosx-x86_64/jdk8u92/6642/hotspot/src/share/vm/prims/nativeLookup.cpp, line
Event: 14162.513 Thread 0x0000000120d4f000 Exception <a 'java/lang/UnsatisfiedLinkError': org.eclipse.cdt.utils.spawner.SpawnerInputStream.available0(I)I> (0x000000078bdf09a0) thrown at [/Users/java_re/workspace/8-2-build-macosx-x86_64/jdk8u92/6642/hotspot/src/share/vm/prims/nativeLookup.cpp, line

Events (10 events):
Event: 14162.602 Thread 0x00000001010ef000 flushing nmethod 0x0000000106f23a50
Event: 14162.606 Thread 0x00000001010ef000 flushing nmethod 0x00000001072a0d10
Event: 14162.612 Thread 0x00000001010ef000 flushing nmethod 0x00000001078a5c90
Event: 14162.625 Thread 0x00000001010d3800 flushing nmethod 0x0000000107bb92d0
Event: 14162.634 Executing VM operation: RevokeBias
Event: 14162.634 Executing VM operation: RevokeBias done
Event: 14162.636 Executing VM operation: RevokeBias
Event: 14162.636 Executing VM operation: RevokeBias done
Event: 14162.640 Thread 0x000000012382d000 Thread added: 0x000000012382d000
Event: 14162.597 Thread 0x00000001010ef000 flushing nmethod 0x0000000106dcf010


Dynamic libraries:
0x000000001a637000 	/System/Library/Frameworks/Cocoa.framework/Versions/A/Cocoa
0x000000001a637000 	/usr/lib/libSystem.B.dylib
0x000000001a637000 	/System/Library/Frameworks/CoreServices.framework/Versions/A/CoreServices
0x000000001a637000 	/usr/lib/libobjc.A.dylib
0x000000001a637000 	/System/Library/Frameworks/CoreFoundation.framework/Versions/A/CoreFoundation
0x000000001a637000 	/System/Library/Frameworks/AppKit.framework/Versions/C/AppKit
0x000000001a637000 	/System/Library/Frameworks/ApplicationServices.framework/Versions/A/ApplicationServices
0x000000001a637000 	/System/Library/Frameworks/Foundation.framework/Versions/C/Foundation
0x000000001a637000 	/System/Library/Frameworks/CoreData.framework/Versions/A/CoreData
0x000000001a637000 	/System/Library/PrivateFrameworks/RemoteViewServices.framework/Versions/A/RemoteViewServices
0x000000001a637000 	/System/Library/PrivateFrameworks/UIFoundation.framework/Versions/A/UIFoundation
0x000000001a637000 	/usr/lib/libenergytrace.dylib
0x000000001a637000 	/System/Library/PrivateFrameworks/SkyLight.framework/Versions/A/SkyLight
0x000000001a637000 	/System/Library/Frameworks/CoreGraphics.framework/Versions/A/CoreGraphics
0x000000001a637000 	/usr/lib/libScreenReader.dylib
0x000000001a637000 	/System/Library/Frameworks/Accelerate.framework/Versions/A/Accelerate
0x000000001a637000 	/System/Library/Frameworks/IOSurface.framework/Versions/A/IOSurface
0x000000001a637000 	/System/Library/Frameworks/AudioToolbox.framework/Versions/A/AudioToolbox
0x000000001a637000 	/System/Library/Frameworks/AudioUnit.framework/Versions/A/AudioUnit
0x000000001a637000 	/System/Library/PrivateFrameworks/DataDetectorsCore.framework/Versions/A/DataDetectorsCore
0x000000001a637000 	/System/Library/PrivateFrameworks/DesktopServicesPriv.framework/Versions/A/DesktopServicesPriv
0x000000001a637000 	/System/Library/Frameworks/Carbon.framework/Versions/A/Frameworks/HIToolbox.framework/Versions/A/HIToolbox
0x000000001a637000 	/usr/lib/libicucore.A.dylib
0x000000001a637000 	/usr/lib/libz.1.dylib
0x000000001a637000 	/System/Library/Frameworks/QuartzCore.framework/Versions/A/QuartzCore
0x000000001a637000 	/System/Library/Frameworks/Security.framework/Versions/A/Security
0x000000001a637000 	/System/Library/Frameworks/Carbon.framework/Versions/A/Frameworks/SpeechRecognition.framework/Versions/A/SpeechRecognition
0x000000001a637000 	/usr/lib/libauto.dylib
0x000000001a637000 	/usr/lib/libxml2.2.dylib
0x000000001a637000 	/System/Library/PrivateFrameworks/CoreUI.framework/Versions/A/CoreUI
0x000000001a637000 	/System/Library/Frameworks/CoreAudio.framework/Versions/A/CoreAudio
0x000000001a637000 	/System/Library/Frameworks/DiskArbitration.framework/Versions/A/DiskArbitration
0x000000001a637000 	/usr/lib/liblangid.dylib
0x000000001a637000 	/System/Library/PrivateFrameworks/MultitouchSupport.framework/Versions/A/MultitouchSupport
0x000000001a637000 	/System/Library/Frameworks/IOKit.framework/Versions/A/IOKit
0x000000001a637000 	/usr/lib/libDiagnosticMessagesClient.dylib
0x000000001a637000 	/System/Library/PrivateFrameworks/PerformanceAnalysis.framework/Versions/A/PerformanceAnalysis
0x000000001a637000 	/System/Library/PrivateFrameworks/GenerationalStorage.framework/Versions/A/GenerationalStorage
0x000000001a637000 	/System/Library/Frameworks/OpenGL.framework/Versions/A/OpenGL
0x000000001a637000 	/System/Library/Frameworks/CoreImage.framework/Versions/A/CoreImage
0x000000001a637000 	/System/Library/Frameworks/CoreText.framework/Versions/A/CoreText
0x000000001a637000 	/System/Library/Frameworks/ImageIO.framework/Versions/A/ImageIO
0x000000001a637000 	/System/Library/PrivateFrameworks/Backup.framework/Versions/A/Backup
0x000000001a637000 	/usr/lib/libarchive.2.dylib
0x000000001a637000 	/System/Library/Frameworks/CFNetwork.framework/Versions/A/CFNetwork
0x000000001a637000 	/System/Library/Frameworks/SystemConfiguration.framework/Versions/A/SystemConfiguration
0x000000001a637000 	/usr/lib/libCRFSuite.dylib
0x000000001a637000 	/usr/lib/libc++.1.dylib
0x000000001a637000 	/usr/lib/libc++abi.dylib
0x000000001a637000 	/usr/lib/system/libcache.dylib
0x000000001a637000 	/usr/lib/system/libcommonCrypto.dylib
0x000000001a637000 	/usr/lib/system/libcompiler_rt.dylib
0x000000001a637000 	/usr/lib/system/libcopyfile.dylib
0x000000001a637000 	/usr/lib/system/libcorecrypto.dylib
0x000000001a637000 	/usr/lib/system/libdispatch.dylib
0x000000001a637000 	/usr/lib/system/libdyld.dylib
0x000000001a637000 	/usr/lib/system/libkeymgr.dylib
0x000000001a637000 	/usr/lib/system/liblaunch.dylib
0x000000001a637000 	/usr/lib/system/libmacho.dylib
0x000000001a637000 	/usr/lib/system/libquarantine.dylib
0x000000001a637000 	/usr/lib/system/libremovefile.dylib
0x000000001a637000 	/usr/lib/system/libsystem_asl.dylib
0x000000001a637000 	/usr/lib/system/libsystem_blocks.dylib
0x000000001a637000 	/usr/lib/system/libsystem_c.dylib
0x000000001a637000 	/usr/lib/system/libsystem_configuration.dylib
0x000000001a637000 	/usr/lib/system/libsystem_coreservices.dylib
0x000000001a637000 	/usr/lib/system/libsystem_coretls.dylib
0x000000001a637000 	/usr/lib/system/libsystem_dnssd.dylib
0x000000001a637000 	/usr/lib/system/libsystem_info.dylib
0x000000001a637000 	/usr/lib/system/libsystem_kernel.dylib
0x000000001a637000 	/usr/lib/system/libsystem_m.dylib
0x000000001a637000 	/usr/lib/system/libsystem_malloc.dylib
0x000000001a637000 	/usr/lib/system/libsystem_network.dylib
0x000000001a637000 	/usr/lib/system/libsystem_networkextension.dylib
0x000000001a637000 	/usr/lib/system/libsystem_notify.dylib
0x000000001a637000 	/usr/lib/system/libsystem_platform.dylib
0x000000001a637000 	/usr/lib/system/libsystem_pthread.dylib
0x000000001a637000 	/usr/lib/system/libsystem_sandbox.dylib
0x000000001a637000 	/usr/lib/system/libsystem_secinit.dylib
0x000000001a637000 	/usr/lib/system/libsystem_symptoms.dylib
0x000000001a637000 	/usr/lib/system/libsystem_trace.dylib
0x000000001a637000 	/usr/lib/system/libunwind.dylib
0x000000001a637000 	/usr/lib/system/libxpc.dylib
0x000000001a637000 	/usr/lib/libbsm.0.dylib
0x000000001a637000 	/usr/lib/system/libkxld.dylib
0x000000001a637000 	/usr/lib/libcoretls.dylib
0x000000001a637000 	/usr/lib/libcoretls_cfhelpers.dylib
0x000000001a637000 	/usr/lib/libxar.1.dylib
0x000000001a637000 	/usr/lib/libsqlite3.dylib
0x000000001a637000 	/usr/lib/libpam.2.dylib
0x000000001a637000 	/usr/lib/libOpenScriptingUtil.dylib
0x000000001a637000 	/usr/lib/libbz2.1.0.dylib
0x000000001a637000 	/usr/lib/liblzma.5.dylib
0x000000001a637000 	/usr/lib/libnetwork.dylib
0x000000001a637000 	/usr/lib/libpcap.A.dylib
0x000000001a637000 	/System/Library/Frameworks/CoreServices.framework/Versions/A/Frameworks/FSEvents.framework/Versions/A/FSEvents
0x000000001a637000 	/System/Library/Frameworks/CoreServices.framework/Versions/A/Frameworks/CarbonCore.framework/Versions/A/CarbonCore
0x000000001a637000 	/System/Library/Frameworks/CoreServices.framework/Versions/A/Frameworks/Metadata.framework/Versions/A/Metadata
0x000000001a637000 	/System/Library/Frameworks/CoreServices.framework/Versions/A/Frameworks/OSServices.framework/Versions/A/OSServices
0x000000001a637000 	/System/Library/Frameworks/CoreServices.framework/Versions/A/Frameworks/SearchKit.framework/Versions/A/SearchKit
0x000000001a637000 	/System/Library/Frameworks/CoreServices.framework/Versions/A/Frameworks/AE.framework/Versions/A/AE
0x000000001a637000 	/System/Library/Frameworks/CoreServices.framework/Versions/A/Frameworks/LaunchServices.framework/Versions/A/LaunchServices
0x000000001a637000 	/System/Library/Frameworks/CoreServices.framework/Versions/A/Frameworks/DictionaryServices.framework/Versions/A/DictionaryServices
0x000000001a637000 	/System/Library/Frameworks/CoreServices.framework/Versions/A/Frameworks/SharedFileList.framework/Versions/A/SharedFileList
0x000000001a637000 	/System/Library/Frameworks/NetFS.framework/Versions/A/NetFS
0x000000001a637000 	/System/Library/PrivateFrameworks/NetAuth.framework/Versions/A/NetAuth
0x000000001a637000 	/System/Library/PrivateFrameworks/login.framework/Versions/A/Frameworks/loginsupport.framework/Versions/A/loginsupport
0x000000001a637000 	/System/Library/PrivateFrameworks/TCC.framework/Versions/A/TCC
0x000000001a637000 	/usr/lib/libmecabra.dylib
0x000000001a637000 	/System/Library/Frameworks/ApplicationServices.framework/Versions/A/Frameworks/ATS.framework/Versions/A/ATS
0x000000001a637000 	/System/Library/Frameworks/ApplicationServices.framework/Versions/A/Frameworks/ColorSync.framework/Versions/A/ColorSync
0x000000001a637000 	/System/Library/Frameworks/ApplicationServices.framework/Versions/A/Frameworks/HIServices.framework/Versions/A/HIServices
0x000000001a637000 	/System/Library/Frameworks/ApplicationServices.framework/Versions/A/Frameworks/LangAnalysis.framework/Versions/A/LangAnalysis
0x000000001a637000 	/System/Library/Frameworks/ApplicationServices.framework/Versions/A/Frameworks/PrintCore.framework/Versions/A/PrintCore
0x000000001a637000 	/System/Library/Frameworks/ApplicationServices.framework/Versions/A/Frameworks/QD.framework/Versions/A/QD
0x000000001a637000 	/System/Library/Frameworks/ApplicationServices.framework/Versions/A/Frameworks/SpeechSynthesis.framework/Versions/A/SpeechSynthesis
0x000000001a637000 	/System/Library/Frameworks/Accelerate.framework/Versions/A/Frameworks/vImage.framework/Versions/A/vImage
0x000000001a637000 	/System/Library/Frameworks/Accelerate.framework/Versions/A/Frameworks/vecLib.framework/Versions/A/vecLib
0x000000001a637000 	/System/Library/Frameworks/Accelerate.framework/Versions/A/Frameworks/vecLib.framework/Versions/A/libvDSP.dylib
0x000000001a637000 	/System/Library/Frameworks/Accelerate.framework/Versions/A/Frameworks/vecLib.framework/Versions/A/libBNNS.dylib
0x000000001a637000 	/System/Library/Frameworks/Accelerate.framework/Versions/A/Frameworks/vecLib.framework/Versions/A/libQuadrature.dylib
0x000000001a637000 	/System/Library/Frameworks/Accelerate.framework/Versions/A/Frameworks/vecLib.framework/Versions/A/libvMisc.dylib
0x000000001a637000 	/System/Library/Frameworks/Accelerate.framework/Versions/A/Frameworks/vecLib.framework/Versions/A/libLAPACK.dylib
0x000000001a637000 	/System/Library/Frameworks/Accelerate.framework/Versions/A/Frameworks/vecLib.framework/Versions/A/libBLAS.dylib
0x000000001a637000 	/System/Library/Frameworks/Accelerate.framework/Versions/A/Frameworks/vecLib.framework/Versions/A/libLinearAlgebra.dylib
0x000000001a637000 	/System/Library/Frameworks/Accelerate.framework/Versions/A/Frameworks/vecLib.framework/Versions/A/libSparseBLAS.dylib
0x000000001a637000 	/System/Library/Frameworks/ApplicationServices.framework/Versions/A/Frameworks/ATS.framework/Versions/A/Resources/libFontParser.dylib
0x000000001a637000 	/System/Library/Frameworks/ApplicationServices.framework/Versions/A/Frameworks/ATS.framework/Versions/A/Resources/libFontRegistry.dylib
0x000000001a637000 	/System/Library/Frameworks/ImageIO.framework/Versions/A/Resources/libJPEG.dylib
0x000000001a637000 	/System/Library/Frameworks/ImageIO.framework/Versions/A/Resources/libTIFF.dylib
0x000000001a637000 	/System/Library/Frameworks/ImageIO.framework/Versions/A/Resources/libPng.dylib
0x000000001a637000 	/System/Library/Frameworks/ImageIO.framework/Versions/A/Resources/libGIF.dylib
0x000000001a637000 	/System/Library/Frameworks/ImageIO.framework/Versions/A/Resources/libJP2.dylib
0x000000001a637000 	/System/Library/Frameworks/ImageIO.framework/Versions/A/Resources/libRadiance.dylib
0x000000001a637000 	/usr/lib/libcompression.dylib
0x000000001a637000 	/System/Library/PrivateFrameworks/AppleJPEG.framework/Versions/A/AppleJPEG
0x000000001a637000 	/usr/lib/libcups.2.dylib
0x000000001a637000 	/System/Library/Frameworks/Kerberos.framework/Versions/A/Kerberos
0x000000001a637000 	/System/Library/Frameworks/GSS.framework/Versions/A/GSS
0x000000001a637000 	/usr/lib/libresolv.9.dylib
0x000000001a637000 	/usr/lib/libiconv.2.dylib
0x000000001a637000 	/System/Library/PrivateFrameworks/Heimdal.framework/Versions/A/Heimdal
0x000000001a637000 	/usr/lib/libheimdal-asn1.dylib
0x000000001a637000 	/System/Library/Frameworks/OpenDirectory.framework/Versions/A/OpenDirectory
0x000000001a637000 	/System/Library/PrivateFrameworks/CommonAuth.framework/Versions/A/CommonAuth
0x000000001a637000 	/System/Library/Frameworks/OpenDirectory.framework/Versions/A/Frameworks/CFOpenDirectory.framework/Versions/A/CFOpenDirectory
0x000000001a637000 	/System/Library/Frameworks/SecurityFoundation.framework/Versions/A/SecurityFoundation
0x000000001a637000 	/System/Library/PrivateFrameworks/LanguageModeling.framework/Versions/A/LanguageModeling
0x000000001a637000 	/usr/lib/libmarisa.dylib
0x000000001a637000 	/usr/lib/libChineseTokenizer.dylib
0x000000001a637000 	/usr/lib/libcmph.dylib
0x000000001a637000 	/System/Library/PrivateFrameworks/CoreEmoji.framework/Versions/A/CoreEmoji
0x000000001a637000 	/System/Library/Frameworks/ServiceManagement.framework/Versions/A/ServiceManagement
0x000000001a637000 	/usr/lib/libxslt.1.dylib
0x000000001a637000 	/System/Library/Frameworks/Carbon.framework/Versions/A/Frameworks/Ink.framework/Versions/A/Ink
0x000000001a637000 	/System/Library/PrivateFrameworks/TextureIO.framework/Versions/A/TextureIO
0x000000001a637000 	/System/Library/Frameworks/Metal.framework/Versions/A/Metal
0x000000001a637000 	/usr/lib/libate.dylib
0x000000001a637000 	/System/Library/PrivateFrameworks/GPUCompiler.framework/libmetal_timestamp.dylib
0x000000001a637000 	/System/Library/Frameworks/OpenGL.framework/Versions/A/Libraries/libCoreFSCache.dylib
0x000000001a637000 	/System/Library/PrivateFrameworks/IOAccelerator.framework/Versions/A/IOAccelerator
0x000000001a637000 	/System/Library/Frameworks/CoreVideo.framework/Versions/A/CoreVideo
0x000000001a637000 	/usr/lib/libFosl_dynamic.dylib
0x000000001a637000 	/System/Library/PrivateFrameworks/MetalPerformanceShaders.framework/Versions/A/MetalPerformanceShaders
0x000000001a637000 	/System/Library/PrivateFrameworks/FaceCore.framework/Versions/A/FaceCore
0x000000001a637000 	/System/Library/Frameworks/OpenCL.framework/Versions/A/OpenCL
0x000000001a637000 	/System/Library/Frameworks/OpenGL.framework/Versions/A/Libraries/libGLU.dylib
0x000000001a637000 	/System/Library/Frameworks/OpenGL.framework/Versions/A/Libraries/libGFXShared.dylib
0x000000001a637000 	/System/Library/Frameworks/OpenGL.framework/Versions/A/Libraries/libGL.dylib
0x000000001a637000 	/System/Library/Frameworks/OpenGL.framework/Versions/A/Libraries/libGLImage.dylib
0x000000001a637000 	/System/Library/Frameworks/OpenGL.framework/Versions/A/Libraries/libCVMSPluginSupport.dylib
0x000000001a637000 	/System/Library/Frameworks/OpenGL.framework/Versions/A/Libraries/libCoreVMClient.dylib
0x000000001a637000 	/System/Library/PrivateFrameworks/CrashReporterSupport.framework/Versions/A/CrashReporterSupport
0x000000001a637000 	/System/Library/PrivateFrameworks/Sharing.framework/Versions/A/Sharing
0x000000001a637000 	/System/Library/PrivateFrameworks/IconServices.framework/Versions/A/IconServices
0x000000001a637000 	/System/Library/PrivateFrameworks/ProtocolBuffer.framework/Versions/A/ProtocolBuffer
0x000000001a637000 	/System/Library/PrivateFrameworks/Apple80211.framework/Versions/A/Apple80211
0x000000001a637000 	/System/Library/Frameworks/CoreWLAN.framework/Versions/A/CoreWLAN
0x000000001a637000 	/System/Library/PrivateFrameworks/CoreUtils.framework/Versions/A/CoreUtils
0x000000001a637000 	/System/Library/Frameworks/IOBluetooth.framework/Versions/A/IOBluetooth
0x000000001a637000 	/System/Library/PrivateFrameworks/CoreWiFi.framework/Versions/A/CoreWiFi
0x000000001a637000 	/System/Library/Frameworks/CoreBluetooth.framework/Versions/A/CoreBluetooth
0x000000001a637000 	/System/Library/Frameworks/CoreDisplay.framework/Versions/A/CoreDisplay
0x000000001a637000 	/System/Library/PrivateFrameworks/IOPresentment.framework/Versions/A/IOPresentment
0x000000001a637000 	/System/Library/PrivateFrameworks/DebugSymbols.framework/Versions/A/DebugSymbols
0x000000001a637000 	/System/Library/PrivateFrameworks/CoreSymbolication.framework/Versions/A/CoreSymbolication
0x000000001a637000 	/System/Library/PrivateFrameworks/Symbolication.framework/Versions/A/Symbolication
0x000000001a637000 	/System/Library/PrivateFrameworks/AppleFSCompression.framework/Versions/A/AppleFSCompression
0x000000001a637000 	/System/Library/PrivateFrameworks/SpeechRecognitionCore.framework/Versions/A/SpeechRecognitionCore
0x000000001a637000 	/System/Library/PrivateFrameworks/ChunkingLibrary.framework/Versions/A/ChunkingLibrary
0x0000000100509000 	/Users/kimkunwoo/Documents/Eclipse/c++/Eclipse.app/Contents/Eclipse/plugins/org.eclipse.equinox.launcher.cocoa.macosx.x86_64_1.1.400.v20160518-1444/eclipse_1615.so
0x000000001a637000 	/System/Library/PrivateFrameworks/CoreServicesInternal.framework/Versions/A/CoreServicesInternal
0x000000010052f000 	/Library/Java/JavaVirtualMachines/jdk1.8.0_92.jdk/Contents/MacOS/libjli.dylib
0x0000000104cc4000 	/Library/Java/JavaVirtualMachines/jdk1.8.0_92.jdk/Contents/Home/jre//lib/server/libjvm.dylib
0x000000001a637000 	/usr/lib/libstdc++.6.dylib
0x000000010053f000 	/Library/Java/JavaVirtualMachines/jdk1.8.0_92.jdk/Contents/Home/jre/lib/libverify.dylib
0x000000010054d000 	/Library/Java/JavaVirtualMachines/jdk1.8.0_92.jdk/Contents/Home/jre/lib/libjava.dylib
0x000000010058b000 	/Library/Java/JavaVirtualMachines/jdk1.8.0_92.jdk/Contents/Home/jre/lib/libzip.dylib
0x0000000100fd1000 	/System/Library/Frameworks/JavaVM.framework/Frameworks/JavaRuntimeSupport.framework/JavaRuntimeSupport
0x0000000100feb000 	/System/Library/Frameworks/JavaVM.framework/Versions/A/Frameworks/JavaNativeFoundation.framework/Versions/A/JavaNativeFoundation
0x000000011a6c6000 	/System/Library/Frameworks/JavaVM.framework/Versions/A/JavaVM
0x000000001a637000 	/System/Library/Frameworks/Carbon.framework/Versions/A/Carbon
0x000000011a6d3000 	/System/Library/PrivateFrameworks/JavaLaunching.framework/Versions/A/JavaLaunching
0x000000001a637000 	/System/Library/Frameworks/Carbon.framework/Versions/A/Frameworks/CommonPanels.framework/Versions/A/CommonPanels
0x000000001a637000 	/System/Library/Frameworks/Carbon.framework/Versions/A/Frameworks/Help.framework/Versions/A/Help
0x000000001a637000 	/System/Library/Frameworks/Carbon.framework/Versions/A/Frameworks/ImageCapture.framework/Versions/A/ImageCapture
0x000000001a637000 	/System/Library/Frameworks/Carbon.framework/Versions/A/Frameworks/OpenScripting.framework/Versions/A/OpenScripting
0x000000001a637000 	/System/Library/Frameworks/Carbon.framework/Versions/A/Frameworks/Print.framework/Versions/A/Print
0x000000001a637000 	/System/Library/Frameworks/Carbon.framework/Versions/A/Frameworks/SecurityHI.framework/Versions/A/SecurityHI
0x000000001a637000 	/System/Library/CoreServices/RawCamera.bundle/Contents/MacOS/RawCamera
0x000000001a637000 	/System/Library/Frameworks/Accelerate.framework/Versions/A/Frameworks/vImage.framework/Versions/A/Libraries/libCGInterfaces.dylib
0x000000001a637000 	/System/Library/PrivateFrameworks/FamilyControls.framework/Versions/A/FamilyControls
0x000000001a637000 	/System/Library/PrivateFrameworks/CommerceKit.framework/Versions/A/Frameworks/CommerceCore.framework/Versions/A/CommerceCore
0x000000001a637000 	/System/Library/PrivateFrameworks/SystemAdministration.framework/Versions/A/SystemAdministration
0x000000001a637000 	/System/Library/PrivateFrameworks/AppContainer.framework/Versions/A/AppContainer
0x000000001a637000 	/System/Library/PrivateFrameworks/SecCodeWrapper.framework/Versions/A/SecCodeWrapper
0x000000001a637000 	/System/Library/Frameworks/DirectoryService.framework/Versions/A/DirectoryService
0x000000001a637000 	/System/Library/PrivateFrameworks/DiskImages.framework/Versions/A/DiskImages
0x000000001a637000 	/System/Library/PrivateFrameworks/LoginUIKit.framework/Versions/A/Frameworks/LoginUICore.framework/Versions/A/LoginUICore
0x000000001a637000 	/usr/lib/libCoreStorage.dylib
0x000000001a637000 	/usr/lib/libcsfde.dylib
0x000000001a637000 	/usr/lib/libodfde.dylib
0x000000001a637000 	/System/Library/Frameworks/DiscRecording.framework/Versions/A/DiscRecording
0x000000001a637000 	/usr/lib/libcurl.4.dylib
0x000000001a637000 	/System/Library/PrivateFrameworks/MediaKit.framework/Versions/A/MediaKit
0x000000001a637000 	/System/Library/PrivateFrameworks/ProtectedCloudStorage.framework/Versions/A/ProtectedCloudStorage
0x000000001a637000 	/System/Library/PrivateFrameworks/EFILogin.framework/Versions/A/EFILogin
0x000000001a637000 	/usr/lib/libutil.dylib
0x000000001a637000 	/System/Library/Frameworks/LDAP.framework/Versions/A/LDAP
0x000000001a637000 	/usr/lib/libsasl2.2.dylib
0x000000001a637000 	/System/Library/PrivateFrameworks/CoreDaemon.framework/Versions/B/CoreDaemon
0x000000001a637000 	/System/Library/PrivateFrameworks/AppleSRP.framework/Versions/A/AppleSRP
0x000000001a637000 	/System/Library/PrivateFrameworks/APFS.framework/Versions/A/APFS
0x000000001a637000 	/System/Library/Frameworks/ApplicationServices.framework/Versions/A/Frameworks/ATS.framework/Versions/A/Resources/libTrueTypeScaler.dylib
0x000000001a637000 	/System/Library/Frameworks/OpenGL.framework/Versions/A/Resources/GLEngine.bundle/GLEngine
0x000000001a637000 	/System/Library/Frameworks/OpenGL.framework/Versions/A/Libraries/libGLProgrammability.dylib
0x000000011e800000 	/System/Library/Extensions/AppleIntelBDWGraphicsGLDriver.bundle/Contents/MacOS/AppleIntelBDWGraphicsGLDriver
0x000000001a637000 	/System/Library/PrivateFrameworks/GPUSupport.framework/Versions/A/Libraries/libGPUSupportMercury.dylib
0x000000001a637000 	/System/Library/Frameworks/OpenGL.framework/Versions/A/Resources/GLRendererFloat.bundle/GLRendererFloat
0x000000001a637000 	/System/Library/Frameworks/OpenCL.framework/Versions/A/Libraries/libcldcpuengine.dylib
0x000000001a637000 	/usr/lib/libcrypto.0.9.8.dylib
0x000000001a637000 	/System/Library/PrivateFrameworks/TrustEvaluationAgent.framework/Versions/A/TrustEvaluationAgent
0x000000011d900000 	/System/Library/Extensions/AppleIntelBDWGraphicsMTLDriver.bundle/Contents/MacOS/AppleIntelBDWGraphicsMTLDriver
0x000000011df77000 	/Library/Java/JavaVirtualMachines/jdk1.8.0_92.jdk/Contents/Home/jre/lib/libnet.dylib
0x000000011d7bf000 	/Library/Java/JavaVirtualMachines/jdk1.8.0_92.jdk/Contents/Home/jre/lib/libnio.dylib
0x000000001a637000 	/System/Library/PrivateFrameworks/ViewBridge.framework/Versions/A/ViewBridge
0x000000001a637000 	/System/Library/PrivateFrameworks/XPCService.framework/Versions/A/XPCService
0x000000001a637000 	/System/Library/PrivateFrameworks/AppSandbox.framework/Versions/A/AppSandbox
0x000000001a637000 	/usr/lib/libsandbox.1.dylib
0x000000001a637000 	/usr/lib/libMatch.1.dylib
0x000000011f272000 	/Users/kimkunwoo/Documents/Eclipse/c++/Eclipse.app/Contents/Eclipse/configuration/org.eclipse.osgi/409/0/.cp/libswt-cocoa-4626.jnilib
0x000000001a637000 	/System/Library/Frameworks/WebKit.framework/Versions/A/WebKit
0x000000001a637000 	/System/Library/Frameworks/JavaScriptCore.framework/Versions/A/JavaScriptCore
0x000000001a637000 	/System/Library/Frameworks/SecurityInterface.framework/Versions/A/SecurityInterface
0x000000001a637000 	/System/Library/Frameworks/WebKit.framework/Versions/A/Frameworks/WebKitLegacy.framework/Versions/A/WebKitLegacy
0x000000001a637000 	/System/Library/Frameworks/WebKit.framework/Versions/A/Frameworks/WebCore.framework/Versions/A/WebCore
0x000000011f2c7000 	/Users/kimkunwoo/Documents/Eclipse/c++/Eclipse.app/Contents/Eclipse/configuration/org.eclipse.osgi/409/0/.cp/libswt-pi-cocoa-4626.jnilib
0x000000001a637000 	/System/Library/PrivateFrameworks/CloudDocs.framework/Versions/A/CloudDocs
0x000000001a637000 	/System/Library/Frameworks/CloudKit.framework/Versions/A/CloudKit
0x000000001a637000 	/System/Library/PrivateFrameworks/MMCS.framework/Versions/A/MMCS
0x000000001a637000 	/System/Library/Frameworks/CoreLocation.framework/Versions/A/CoreLocation
0x000000001a637000 	/System/Library/PrivateFrameworks/AssetCacheServices.framework/Versions/A/AssetCacheServices
0x000000001a637000 	/System/Library/PrivateFrameworks/GeoServices.framework/Versions/A/GeoServices
0x000000011ddfa000 	/System/Library/PrivateFrameworks/CoreNLP.framework/Versions/A/CoreNLP
0x000000011d76f000 	/Users/kimkunwoo/Documents/Eclipse/c++/Eclipse.app/Contents/Eclipse/configuration/org.eclipse.osgi/100/0/.cp/os/macosx/libunixfile_1_0_0.jnilib
0x0000000120281000 	/Library/Java/JavaVirtualMachines/jdk1.8.0_92.jdk/Contents/Home/jre/lib/libsunec.dylib
0x000000001a637000 	/System/Library/Frameworks/AVFoundation.framework/Versions/A/AVFoundation
0x000000001a637000 	/System/Library/Frameworks/AVFoundation.framework/Versions/A/Frameworks/AVFAudio.framework/Versions/A/AVFAudio
0x000000001a637000 	/System/Library/Frameworks/CoreMedia.framework/Versions/A/CoreMedia
0x000000001a637000 	/System/Library/Frameworks/MediaToolbox.framework/Versions/A/MediaToolbox
0x000000001a637000 	/System/Library/Frameworks/VideoToolbox.framework/Versions/A/VideoToolbox
0x000000001a637000 	/System/Library/PrivateFrameworks/IntlPreferences.framework/Versions/A/IntlPreferences
0x000000001a637000 	/System/Library/Frameworks/CoreMediaIO.framework/Versions/A/CoreMediaIO
0x000000001a637000 	/usr/lib/libspindump.dylib
0x000000001a637000 	/usr/lib/libdscsym.dylib
0x000000001a637000 	/System/Library/PrivateFrameworks/CoreAVCHD.framework/Versions/A/CoreAVCHD
0x000000001a637000 	/System/Library/Frameworks/MediaAccessibility.framework/Versions/A/MediaAccessibility
0x000000001a637000 	/System/Library/PrivateFrameworks/Mangrove.framework/Versions/A/Mangrove
0x000000001a637000 	/System/Library/PrivateFrameworks/CoreAUC.framework/Versions/A/CoreAUC
0x000000001a637000 	/System/Library/PrivateFrameworks/AppleVA.framework/Versions/A/AppleVA
0x000000011f217000 	cl_kernels
0x000000001a637000 	/System/Library/Frameworks/OpenCL.framework/Versions/A/Libraries/ImageFormats/unorm8_bgra.dylib
0x000000001a637000 	/System/Library/PrivateFrameworks/DataDetectors.framework/Versions/A/DataDetectors
0x000000001a637000 	/System/Library/Frameworks/AddressBook.framework/Versions/A/AddressBook
0x000000001a637000 	/System/Library/Frameworks/Quartz.framework/Versions/A/Quartz
0x000000001a637000 	/System/Library/PrivateFrameworks/ContactsPersistence.framework/Versions/A/ContactsPersistence
0x000000001a637000 	/System/Library/PrivateFrameworks/CalendarAgentLink.framework/Versions/A/CalendarAgentLink
0x000000001a637000 	/System/Library/PrivateFrameworks/ContactsFoundation.framework/Versions/A/ContactsFoundation
0x000000001a637000 	/System/Library/PrivateFrameworks/vCard.framework/Versions/A/vCard
0x000000001a637000 	/System/Library/PrivateFrameworks/ToneLibrary.framework/Versions/A/ToneLibrary
0x000000001a637000 	/System/Library/PrivateFrameworks/ToneKit.framework/Versions/A/ToneKit
0x000000001a637000 	/System/Library/PrivateFrameworks/ApplePushService.framework/Versions/A/ApplePushService
0x000000001a637000 	/System/Library/PrivateFrameworks/PhoneNumbers.framework/Versions/A/PhoneNumbers
0x000000001a637000 	/System/Library/Frameworks/Accounts.framework/Versions/A/Accounts
0x000000001a637000 	/System/Library/PrivateFrameworks/OAuth.framework/Versions/A/OAuth
0x000000001a637000 	/System/Library/Frameworks/Quartz.framework/Versions/A/Frameworks/QuartzComposer.framework/Versions/A/QuartzComposer
0x000000001a637000 	/System/Library/Frameworks/Quartz.framework/Versions/A/Frameworks/PDFKit.framework/Versions/A/PDFKit
0x000000001a637000 	/System/Library/Frameworks/Quartz.framework/Versions/A/Frameworks/QuartzFilters.framework/Versions/A/QuartzFilters
0x000000001a637000 	/System/Library/Frameworks/Quartz.framework/Versions/A/Frameworks/ImageKit.framework/Versions/A/ImageKit
0x000000001a637000 	/System/Library/Frameworks/Quartz.framework/Versions/A/Frameworks/QuickLookUI.framework/Versions/A/QuickLookUI
0x000000001a637000 	/System/Library/Frameworks/QTKit.framework/Versions/A/QTKit
0x000000001a637000 	/System/Library/PrivateFrameworks/AppleSystemInfo.framework/Versions/A/AppleSystemInfo
0x000000001a637000 	/System/Library/PrivateFrameworks/CoreMediaAuthoring.framework/Versions/A/CoreMediaAuthoring
0x000000001a637000 	/System/Library/PrivateFrameworks/CorePDF.framework/Versions/A/CorePDF
0x000000001a637000 	/System/Library/Frameworks/SafariServices.framework/Versions/A/SafariServices
0x000000001a637000 	/System/Library/Frameworks/QuickLook.framework/Versions/A/QuickLook
0x000000001a637000 	/System/Library/PrivateFrameworks/MobileKeyBag.framework/Versions/A/MobileKeyBag
0x000000001a637000 	/System/Library/PrivateFrameworks/QuickLookThumbnailing.framework/Versions/A/QuickLookThumbnailing
0x000000001a637000 	/System/Library/PrivateFrameworks/DisplayServices.framework/Versions/A/DisplayServices
0x000000001a637000 	/System/Library/Frameworks/ImageCaptureCore.framework/Versions/A/ImageCaptureCore
0x00000001048eb000 	/Users/kimkunwoo/Documents/Eclipse/c++/Eclipse.app/Contents/Eclipse/configuration/org.eclipse.osgi/59/0/.cp/os/macosx/x86_64/libspawner.jnilib
0x0000000104a4d000 	/Users/kimkunwoo/Documents/Eclipse/c++/Eclipse.app/Contents/Eclipse/configuration/org.eclipse.osgi/59/0/.cp/os/macosx/x86_64/libpty.jnilib

VM Arguments:
jvm_args: -Dosgi.requiredJavaVersion=1.8 -XX:+UseG1GC -XX:+UseStringDeduplication -XstartOnFirstThread -Dorg.eclipse.swt.internal.carbon.smallFonts -Dosgi.requiredJavaVersion=1.8 -Xms256m -Xmx1024m -Xdock:icon=../Resources/Eclipse.icns -XstartOnFirstThread -Dorg.eclipse.swt.internal.carbon.smallFonts 
java_command: <unknown>
java_class_path (initial): /Users/kimkunwoo/Documents/Eclipse/c++/Eclipse.app/Contents/MacOS//../Eclipse/plugins/org.eclipse.equinox.launcher_1.3.200.v20160318-1642.jar
Launcher Type: generic

Environment Variables:
PATH=/usr/bin:/bin:/usr/sbin:/sbin
SHELL=/usr/local/bin/zsh

Signal Handlers:
SIGSEGV: [libjvm.dylib+0x5aa779], sa_mask[0]=11111111011111110111111111111111, sa_flags=SA_ONSTACK|SA_RESTART|SA_SIGINFO
SIGBUS: [libjvm.dylib+0x5aa779], sa_mask[0]=11111111011111110111111111111111, sa_flags=SA_RESTART|SA_SIGINFO
SIGFPE: [libjvm.dylib+0x4831d0], sa_mask[0]=11111111011111110111111111111111, sa_flags=SA_RESTART|SA_SIGINFO
SIGPIPE: [libjvm.dylib+0x4831d0], sa_mask[0]=11111111011111110111111111111111, sa_flags=SA_RESTART|SA_SIGINFO
SIGXFSZ: [libjvm.dylib+0x4831d0], sa_mask[0]=11111111011111110111111111111111, sa_flags=SA_RESTART|SA_SIGINFO
SIGILL: [libjvm.dylib+0x4831d0], sa_mask[0]=11111111011111110111111111111111, sa_flags=SA_RESTART|SA_SIGINFO
SIGUSR1: SIG_DFL, sa_mask[0]=00000000000000000000000000000000, sa_flags=none
SIGUSR2: [libjvm.dylib+0x482cee], sa_mask[0]=00000000000000000000000000000000, sa_flags=SA_RESTART|SA_SIGINFO
SIGHUP: [libjvm.dylib+0x4812c5], sa_mask[0]=11111111011111110111111111111111, sa_flags=SA_RESTART|SA_SIGINFO
SIGINT: [libjvm.dylib+0x4812c5], sa_mask[0]=11111111011111110111111111111111, sa_flags=SA_RESTART|SA_SIGINFO
SIGTERM: [libjvm.dylib+0x4812c5], sa_mask[0]=11111111011111110111111111111111, sa_flags=SA_RESTART|SA_SIGINFO
SIGQUIT: [libjvm.dylib+0x4812c5], sa_mask[0]=11111111011111110111111111111111, sa_flags=SA_RESTART|SA_SIGINFO


---------------  S Y S T E M  ---------------

OS:Bsduname:Darwin 16.1.0 Darwin Kernel Version 16.1.0: Thu Oct 13 21:26:57 PDT 2016; root:xnu-3789.21.3~60/RELEASE_X86_64 x86_64
rlimit: STACK 8192k, CORE 0k, NPROC 709, NOFILE 10240, AS infinity
load average:1.78 1.84 1.85

CPU:total 4 (2 cores per cpu, 2 threads per core) family 6 model 61 stepping 4, cmov, cx8, fxsr, mmx, sse, sse2, sse3, ssse3, sse4.1, sse4.2, popcnt, avx, avx2, aes, clmul, erms, 3dnowpref, lzcnt, ht, tsc, tscinvbit, bmi1, bmi2, adx

Memory: 4k page, physical 8388608k(889096k free)

/proc/meminfo:


vm_info: Java HotSpot(TM) 64-Bit Server VM (25.92-b14) for bsd-amd64 JRE (1.8.0_92-b14), built on Mar 31 2016 21:23:14 by "java_re" with gcc 4.2.1 (Based on Apple Inc. build 5658) (LLVM build 2336.11.00)

time: Fri Nov  4 16:51:28 2016
elapsed time: 14162 seconds (0d 3h 56m 2s)

